<?xml version="1.0" encoding="utf-8"?>
<CoverageSession xmlns:xsd="http://www.w3.org/2001/XMLSchema" xmlns:xsi="http://www.w3.org/2001/XMLSchema-instance" Version="4.7.922.0">
  <Summary numSequencePoints="1067" visitedSequencePoints="685" numBranchPoints="892" visitedBranchPoints="438" sequenceCoverage="64.20" branchCoverage="49.10" maxCyclomaticComplexity="22" minCyclomaticComplexity="1" maxCrapScore="506" minCrapScore="1" visitedClasses="90" numClasses="117" visitedMethods="178" numMethods="290" />
  <Modules>
    <Module hash="64-FE-9C-A6-81-A8-98-F2-E8-70-E2-3B-A0-ED-67-FF-90-9B-6E-6B">
      <Summary numSequencePoints="123" visitedSequencePoints="117" numBranchPoints="85" visitedBranchPoints="49" sequenceCoverage="95.12" branchCoverage="57.65" maxCyclomaticComplexity="6" minCyclomaticComplexity="1" maxCrapScore="6" minCrapScore="1" visitedClasses="18" numClasses="24" visitedMethods="31" numMethods="37" />
      <ModulePath>C:\Repository\challenge-ML\Order.API\bin\Order.API.IntegrationTest\bin\Debug\fine-code-coverage\build-output\Order.API.IntegrationTest.dll</ModulePath>
      <ModuleTime>2021-12-10T16:58:22.2535948Z</ModuleTime>
      <ModuleName>Order.API.IntegrationTest</ModuleName>
      <Files>
        <File uid="1" fullPath="C:\Repository\challenge-ML\Order.API\bin\Order.API.IntegrationTest\UserTests\UserAuthenticateTest.cs" />
        <File uid="4" fullPath="C:\Repository\challenge-ML\Order.API\bin\Order.API.IntegrationTest\UserTests\UserCreatedTest.cs" />
        <File uid="7" fullPath="C:\Repository\challenge-ML\Order.API\bin\Order.API.IntegrationTest\OrderTest\WishListCreatedTest.cs" />
        <File uid="10" fullPath="C:\Repository\challenge-ML\Order.API\bin\Order.API.IntegrationTest\OrderTest\WishListFilterListTest.cs" />
        <File uid="13" fullPath="C:\Repository\challenge-ML\Order.API\bin\Order.API.IntegrationTest\OrderTest\WishListUpdatedTest.cs" />
        <File uid="16" fullPath="C:\Repository\challenge-ML\Order.API\bin\Order.API.IntegrationTest\OrderDetailTest\WishListDetailAddTest.cs" />
        <File uid="19" fullPath="C:\Repository\challenge-ML\Order.API\bin\Order.API.IntegrationTest\OrderDetailTest\WishListDetailFilterListTest.cs" />
        <File uid="22" fullPath="C:\Repository\challenge-ML\Order.API\bin\Order.API.IntegrationTest\OrderDetailTest\WishListDetailUpdatedTest.cs" />
      </Files>
      <Classes>
        <Class>
          <Summary numSequencePoints="6" visitedSequencePoints="6" numBranchPoints="2" visitedBranchPoints="2" sequenceCoverage="100" branchCoverage="100" maxCyclomaticComplexity="1" minCyclomaticComplexity="1" maxCrapScore="2" minCrapScore="1" visitedClasses="1" numClasses="1" visitedMethods="2" numMethods="2" />
          <FullName>Order.API.IntegrationTest.UserTests.UserAuthenticateTest</FullName>
          <Methods>
            <Method visited="true" cyclomaticComplexity="1" nPathComplexity="0" sequenceCoverage="100" branchCoverage="100" crapScore="1" isConstructor="false" isStatic="false" isGetter="true" isSetter="false">
              <Summary numSequencePoints="1" visitedSequencePoints="1" numBranchPoints="1" visitedBranchPoints="1" sequenceCoverage="100" branchCoverage="100" maxCyclomaticComplexity="1" minCyclomaticComplexity="1" maxCrapScore="1" minCrapScore="1" visitedClasses="0" numClasses="0" visitedMethods="1" numMethods="1" />
              <MetadataToken>100663297</MetadataToken>
              <Name>Order.API.Shared.Entities.Request.UserRequest Order.API.IntegrationTest.UserTests.UserAuthenticateTest::get_GetUserRequest()</Name>
              <FileRef uid="1" />
              <SequencePoints>
                <SequencePoint vc="1" uspid="1" ordinal="0" offset="0" sl="18" sc="46" el="22" ec="10" bec="0" bev="0" fileid="1" />
              </SequencePoints>
              <BranchPoints />
              <MethodPoint xsi:type="SequencePoint" vc="1" uspid="1" ordinal="0" offset="0" sl="18" sc="46" el="22" ec="10" bec="0" bev="0" fileid="1" />
            </Method>
            <Method visited="true" cyclomaticComplexity="1" nPathComplexity="0" sequenceCoverage="100" branchCoverage="100" crapScore="1" isConstructor="false" isStatic="false" isGetter="false" isSetter="false">
              <Summary numSequencePoints="5" visitedSequencePoints="5" numBranchPoints="1" visitedBranchPoints="1" sequenceCoverage="100" branchCoverage="100" maxCyclomaticComplexity="1" minCyclomaticComplexity="1" maxCrapScore="1" minCrapScore="1" visitedClasses="0" numClasses="0" visitedMethods="1" numMethods="1" />
              <MetadataToken>100663298</MetadataToken>
              <Name>System.Void Order.API.IntegrationTest.UserTests.UserAuthenticateTest::Initialize()</Name>
              <FileRef uid="1" />
              <SequencePoints>
                <SequencePoint vc="1" uspid="2" ordinal="0" offset="0" sl="26" sc="9" el="26" ec="10" bec="0" bev="0" fileid="1" />
                <SequencePoint vc="1" uspid="3" ordinal="1" offset="1" sl="27" sc="13" el="27" ec="59" bec="0" bev="0" fileid="1" />
                <SequencePoint vc="1" uspid="4" ordinal="2" offset="7" sl="28" sc="13" el="28" ec="57" bec="0" bev="0" fileid="1" />
                <SequencePoint vc="1" uspid="5" ordinal="3" offset="19" sl="29" sc="13" el="29" ec="63" bec="0" bev="0" fileid="1" />
                <SequencePoint vc="1" uspid="6" ordinal="4" offset="36" sl="30" sc="9" el="30" ec="10" bec="0" bev="0" fileid="1" />
              </SequencePoints>
              <BranchPoints />
              <MethodPoint xsi:type="SequencePoint" vc="1" uspid="2" ordinal="0" offset="0" sl="26" sc="9" el="26" ec="10" bec="0" bev="0" fileid="1" />
            </Method>
            <Method visited="false" cyclomaticComplexity="1" nPathComplexity="0" sequenceCoverage="0" branchCoverage="0" crapScore="2" isConstructor="false" isStatic="false" isGetter="false" isSetter="false">
              <Summary numSequencePoints="0" visitedSequencePoints="0" numBranchPoints="0" visitedBranchPoints="0" sequenceCoverage="0" branchCoverage="0" maxCyclomaticComplexity="1" minCyclomaticComplexity="1" maxCrapScore="2" minCrapScore="2" visitedClasses="0" numClasses="0" visitedMethods="0" numMethods="0" />
              <MetadataToken>100663299</MetadataToken>
              <Name>System.Threading.Tasks.Task Order.API.IntegrationTest.UserTests.UserAuthenticateTest::Successfull_Get_User()</Name>
              <SequencePoints />
              <BranchPoints />
              <MethodPoint vc="0" uspid="7" ordinal="0" offset="0" />
            </Method>
            <Method visited="false" cyclomaticComplexity="1" nPathComplexity="0" sequenceCoverage="0" branchCoverage="0" crapScore="2" isConstructor="true" isStatic="false" isGetter="false" isSetter="false">
              <Summary numSequencePoints="0" visitedSequencePoints="0" numBranchPoints="0" visitedBranchPoints="0" sequenceCoverage="0" branchCoverage="0" maxCyclomaticComplexity="1" minCyclomaticComplexity="1" maxCrapScore="2" minCrapScore="2" visitedClasses="0" numClasses="0" visitedMethods="0" numMethods="0" />
              <MetadataToken>100663300</MetadataToken>
              <Name>System.Void Order.API.IntegrationTest.UserTests.UserAuthenticateTest::.ctor()</Name>
              <SequencePoints />
              <BranchPoints />
              <MethodPoint vc="0" uspid="8" ordinal="0" offset="0" />
            </Method>
          </Methods>
        </Class>
        <Class>
          <Summary numSequencePoints="1" visitedSequencePoints="0" numBranchPoints="1" visitedBranchPoints="0" sequenceCoverage="0" branchCoverage="0" maxCyclomaticComplexity="1" minCyclomaticComplexity="1" maxCrapScore="2" minCrapScore="2" visitedClasses="0" numClasses="1" visitedMethods="0" numMethods="1" />
          <FullName>Order.API.IntegrationTest.UserTests.UserAuthenticateTest/&lt;&gt;c</FullName>
          <Methods>
            <Method visited="false" cyclomaticComplexity="1" nPathComplexity="0" sequenceCoverage="0" branchCoverage="0" crapScore="2" isConstructor="true" isStatic="true" isGetter="false" isSetter="false">
              <Summary numSequencePoints="0" visitedSequencePoints="0" numBranchPoints="0" visitedBranchPoints="0" sequenceCoverage="0" branchCoverage="0" maxCyclomaticComplexity="1" minCyclomaticComplexity="1" maxCrapScore="2" minCrapScore="2" visitedClasses="0" numClasses="0" visitedMethods="0" numMethods="0" />
              <MetadataToken>100663332</MetadataToken>
              <Name>System.Void Order.API.IntegrationTest.UserTests.UserAuthenticateTest/&lt;&gt;c::.cctor()</Name>
              <SequencePoints />
              <BranchPoints />
              <MethodPoint vc="0" uspid="9" ordinal="0" offset="0" />
            </Method>
            <Method visited="false" cyclomaticComplexity="1" nPathComplexity="0" sequenceCoverage="0" branchCoverage="0" crapScore="2" isConstructor="true" isStatic="false" isGetter="false" isSetter="false">
              <Summary numSequencePoints="0" visitedSequencePoints="0" numBranchPoints="0" visitedBranchPoints="0" sequenceCoverage="0" branchCoverage="0" maxCyclomaticComplexity="1" minCyclomaticComplexity="1" maxCrapScore="2" minCrapScore="2" visitedClasses="0" numClasses="0" visitedMethods="0" numMethods="0" />
              <MetadataToken>100663333</MetadataToken>
              <Name>System.Void Order.API.IntegrationTest.UserTests.UserAuthenticateTest/&lt;&gt;c::.ctor()</Name>
              <SequencePoints />
              <BranchPoints />
              <MethodPoint vc="0" uspid="10" ordinal="0" offset="0" />
            </Method>
            <Method visited="false" cyclomaticComplexity="1" nPathComplexity="0" sequenceCoverage="0" branchCoverage="0" crapScore="2" isConstructor="false" isStatic="false" isGetter="false" isSetter="false">
              <Summary numSequencePoints="1" visitedSequencePoints="0" numBranchPoints="1" visitedBranchPoints="0" sequenceCoverage="0" branchCoverage="0" maxCyclomaticComplexity="1" minCyclomaticComplexity="1" maxCrapScore="2" minCrapScore="2" visitedClasses="0" numClasses="0" visitedMethods="0" numMethods="1" />
              <MetadataToken>100663334</MetadataToken>
              <Name>System.String Order.API.IntegrationTest.UserTests.UserAuthenticateTest/&lt;&gt;c::&lt;Successfull_Get_User&gt;b__5_0(Order.API.Shared.Entities.Error)</Name>
              <FileRef uid="1" />
              <SequencePoints>
                <SequencePoint vc="0" uspid="11" ordinal="0" offset="0" sl="36" sc="103" el="36" ec="112" bec="0" bev="0" fileid="1" />
              </SequencePoints>
              <BranchPoints />
              <MethodPoint xsi:type="SequencePoint" vc="0" uspid="11" ordinal="0" offset="0" sl="36" sc="103" el="36" ec="112" bec="0" bev="0" fileid="1" />
            </Method>
          </Methods>
        </Class>
        <Class>
          <Summary numSequencePoints="5" visitedSequencePoints="5" numBranchPoints="7" visitedBranchPoints="3" sequenceCoverage="100" branchCoverage="42.86" maxCyclomaticComplexity="6" minCyclomaticComplexity="1" maxCrapScore="6" minCrapScore="2" visitedClasses="1" numClasses="1" visitedMethods="1" numMethods="1" />
          <FullName>Order.API.IntegrationTest.UserTests.UserAuthenticateTest/&lt;Successfull_Get_User&gt;d__5</FullName>
          <Methods>
            <Method visited="false" cyclomaticComplexity="1" nPathComplexity="0" sequenceCoverage="0" branchCoverage="0" crapScore="2" isConstructor="true" isStatic="false" isGetter="false" isSetter="false">
              <Summary numSequencePoints="0" visitedSequencePoints="0" numBranchPoints="0" visitedBranchPoints="0" sequenceCoverage="0" branchCoverage="0" maxCyclomaticComplexity="1" minCyclomaticComplexity="1" maxCrapScore="2" minCrapScore="2" visitedClasses="0" numClasses="0" visitedMethods="0" numMethods="0" />
              <MetadataToken>100663335</MetadataToken>
              <Name>System.Void Order.API.IntegrationTest.UserTests.UserAuthenticateTest/&lt;Successfull_Get_User&gt;d__5::.ctor()</Name>
              <SequencePoints />
              <BranchPoints />
              <MethodPoint vc="0" uspid="12" ordinal="0" offset="0" />
            </Method>
            <Method visited="true" cyclomaticComplexity="6" nPathComplexity="8" sequenceCoverage="100" branchCoverage="42.86" crapScore="6" isConstructor="false" isStatic="false" isGetter="false" isSetter="false">
              <Summary numSequencePoints="5" visitedSequencePoints="5" numBranchPoints="7" visitedBranchPoints="3" sequenceCoverage="100" branchCoverage="42.86" maxCyclomaticComplexity="6" minCyclomaticComplexity="6" maxCrapScore="6" minCrapScore="6" visitedClasses="0" numClasses="0" visitedMethods="1" numMethods="1" />
              <MetadataToken>100663336</MetadataToken>
              <Name>System.Void Order.API.IntegrationTest.UserTests.UserAuthenticateTest/&lt;Successfull_Get_User&gt;d__5::MoveNext()</Name>
              <FileRef uid="1" />
              <SequencePoints>
                <SequencePoint vc="1" uspid="13" ordinal="0" offset="14" sl="34" sc="9" el="34" ec="10" bec="0" bev="0" fileid="1" />
                <SequencePoint vc="1" uspid="14" ordinal="1" offset="15" sl="35" sc="13" el="35" ec="66" bec="2" bev="1" fileid="1" />
                <SequencePoint vc="1" uspid="15" ordinal="2" offset="156" sl="36" sc="13" el="36" ec="130" bec="4" bev="1" fileid="1" />
                <SequencePoint vc="1" uspid="16" ordinal="3" offset="239" sl="37" sc="13" el="37" ec="53" bec="0" bev="0" fileid="1" />
                <SequencePoint vc="1" uspid="17" ordinal="4" offset="302" sl="38" sc="9" el="38" ec="10" bec="0" bev="0" fileid="1" />
              </SequencePoints>
              <BranchPoints>
                <BranchPoint vc="1" uspid="18" ordinal="0" offset="55" sl="35" path="0" offsetend="57" fileid="1" />
                <BranchPoint vc="0" uspid="19" ordinal="1" offset="55" sl="35" path="1" offsetend="124" fileid="1" />
                <BranchPoint vc="1" uspid="20" ordinal="2" offset="168" sl="36" path="0" offsetend="170" fileid="1" />
                <BranchPoint vc="0" uspid="21" ordinal="3" offset="168" sl="36" path="1" offsetend="177" fileid="1" />
                <BranchPoint vc="0" uspid="22" ordinal="4" offset="199" sl="36" path="0" offsetend="201" fileid="1" />
                <BranchPoint vc="0" uspid="23" ordinal="5" offset="199" sl="36" path="1" offsetend="224" fileid="1" />
              </BranchPoints>
              <MethodPoint vc="2" uspid="24" ordinal="0" offset="0" />
            </Method>
            <Method visited="false" cyclomaticComplexity="1" nPathComplexity="0" sequenceCoverage="0" branchCoverage="0" crapScore="2" isConstructor="false" isStatic="false" isGetter="false" isSetter="false">
              <Summary numSequencePoints="0" visitedSequencePoints="0" numBranchPoints="0" visitedBranchPoints="0" sequenceCoverage="0" branchCoverage="0" maxCyclomaticComplexity="1" minCyclomaticComplexity="1" maxCrapScore="2" minCrapScore="2" visitedClasses="0" numClasses="0" visitedMethods="0" numMethods="0" />
              <MetadataToken>100663337</MetadataToken>
              <Name>System.Void Order.API.IntegrationTest.UserTests.UserAuthenticateTest/&lt;Successfull_Get_User&gt;d__5::SetStateMachine(System.Runtime.CompilerServices.IAsyncStateMachine)</Name>
              <SequencePoints />
              <BranchPoints />
              <MethodPoint vc="0" uspid="25" ordinal="0" offset="0" />
            </Method>
          </Methods>
        </Class>
        <Class>
          <Summary numSequencePoints="12" visitedSequencePoints="12" numBranchPoints="3" visitedBranchPoints="3" sequenceCoverage="100" branchCoverage="100" maxCyclomaticComplexity="1" minCyclomaticComplexity="1" maxCrapScore="2" minCrapScore="1" visitedClasses="1" numClasses="1" visitedMethods="3" numMethods="3" />
          <FullName>Order.API.IntegrationTest.UserTests.UserCreatedTest</FullName>
          <Methods>
            <Method visited="true" cyclomaticComplexity="1" nPathComplexity="0" sequenceCoverage="100" branchCoverage="100" crapScore="1" isConstructor="false" isStatic="false" isGetter="true" isSetter="false">
              <Summary numSequencePoints="1" visitedSequencePoints="1" numBranchPoints="1" visitedBranchPoints="1" sequenceCoverage="100" branchCoverage="100" maxCyclomaticComplexity="1" minCyclomaticComplexity="1" maxCrapScore="1" minCrapScore="1" visitedClasses="0" numClasses="0" visitedMethods="1" numMethods="1" />
              <MetadataToken>100663301</MetadataToken>
              <Name>Order.API.Shared.Entities.Request.UserRequest Order.API.IntegrationTest.UserTests.UserCreatedTest::get_GetUserRequest()</Name>
              <FileRef uid="4" />
              <SequencePoints>
                <SequencePoint vc="1" uspid="26" ordinal="0" offset="0" sl="18" sc="46" el="25" ec="10" bec="0" bev="0" fileid="4" />
              </SequencePoints>
              <BranchPoints />
              <MethodPoint xsi:type="SequencePoint" vc="1" uspid="26" ordinal="0" offset="0" sl="18" sc="46" el="25" ec="10" bec="0" bev="0" fileid="4" />
            </Method>
            <Method visited="true" cyclomaticComplexity="1" nPathComplexity="0" sequenceCoverage="100" branchCoverage="100" crapScore="1" isConstructor="false" isStatic="false" isGetter="false" isSetter="false">
              <Summary numSequencePoints="5" visitedSequencePoints="5" numBranchPoints="1" visitedBranchPoints="1" sequenceCoverage="100" branchCoverage="100" maxCyclomaticComplexity="1" minCyclomaticComplexity="1" maxCrapScore="1" minCrapScore="1" visitedClasses="0" numClasses="0" visitedMethods="1" numMethods="1" />
              <MetadataToken>100663302</MetadataToken>
              <Name>System.Void Order.API.IntegrationTest.UserTests.UserCreatedTest::Initialize()</Name>
              <FileRef uid="4" />
              <SequencePoints>
                <SequencePoint vc="1" uspid="27" ordinal="0" offset="0" sl="29" sc="9" el="29" ec="10" bec="0" bev="0" fileid="4" />
                <SequencePoint vc="1" uspid="28" ordinal="1" offset="1" sl="30" sc="13" el="30" ec="59" bec="0" bev="0" fileid="4" />
                <SequencePoint vc="1" uspid="29" ordinal="2" offset="7" sl="31" sc="13" el="31" ec="57" bec="0" bev="0" fileid="4" />
                <SequencePoint vc="1" uspid="30" ordinal="3" offset="19" sl="32" sc="13" el="32" ec="58" bec="0" bev="0" fileid="4" />
                <SequencePoint vc="1" uspid="31" ordinal="4" offset="36" sl="33" sc="9" el="33" ec="10" bec="0" bev="0" fileid="4" />
              </SequencePoints>
              <BranchPoints />
              <MethodPoint xsi:type="SequencePoint" vc="1" uspid="27" ordinal="0" offset="0" sl="29" sc="9" el="29" ec="10" bec="0" bev="0" fileid="4" />
            </Method>
            <Method visited="false" cyclomaticComplexity="1" nPathComplexity="0" sequenceCoverage="0" branchCoverage="0" crapScore="2" isConstructor="false" isStatic="false" isGetter="false" isSetter="false">
              <Summary numSequencePoints="0" visitedSequencePoints="0" numBranchPoints="0" visitedBranchPoints="0" sequenceCoverage="0" branchCoverage="0" maxCyclomaticComplexity="1" minCyclomaticComplexity="1" maxCrapScore="2" minCrapScore="2" visitedClasses="0" numClasses="0" visitedMethods="0" numMethods="0" />
              <MetadataToken>100663303</MetadataToken>
              <Name>System.Threading.Tasks.Task Order.API.IntegrationTest.UserTests.UserCreatedTest::Successfull_Insert_User()</Name>
              <SequencePoints />
              <BranchPoints />
              <MethodPoint vc="0" uspid="32" ordinal="0" offset="0" />
            </Method>
            <Method visited="true" cyclomaticComplexity="1" nPathComplexity="0" sequenceCoverage="100" branchCoverage="100" crapScore="1" isConstructor="false" isStatic="false" isGetter="false" isSetter="false">
              <Summary numSequencePoints="6" visitedSequencePoints="6" numBranchPoints="1" visitedBranchPoints="1" sequenceCoverage="100" branchCoverage="100" maxCyclomaticComplexity="1" minCyclomaticComplexity="1" maxCrapScore="1" minCrapScore="1" visitedClasses="0" numClasses="0" visitedMethods="1" numMethods="1" />
              <MetadataToken>100663304</MetadataToken>
              <Name>System.String Order.API.IntegrationTest.UserTests.UserCreatedTest::GetUserName()</Name>
              <FileRef uid="4" />
              <SequencePoints>
                <SequencePoint vc="1" uspid="33" ordinal="0" offset="0" sl="44" sc="9" el="44" ec="10" bec="0" bev="0" fileid="4" />
                <SequencePoint vc="1" uspid="34" ordinal="1" offset="1" sl="45" sc="13" el="45" ec="42" bec="0" bev="0" fileid="4" />
                <SequencePoint vc="1" uspid="35" ordinal="2" offset="7" sl="46" sc="13" el="46" ec="51" bec="0" bev="0" fileid="4" />
                <SequencePoint vc="1" uspid="36" ordinal="3" offset="20" sl="47" sc="13" el="47" ec="54" bec="0" bev="0" fileid="4" />
                <SequencePoint vc="1" uspid="37" ordinal="4" offset="37" sl="48" sc="13" el="48" ec="50" bec="0" bev="0" fileid="4" />
                <SequencePoint vc="1" uspid="38" ordinal="5" offset="62" sl="49" sc="9" el="49" ec="10" bec="0" bev="0" fileid="4" />
              </SequencePoints>
              <BranchPoints />
              <MethodPoint xsi:type="SequencePoint" vc="1" uspid="33" ordinal="0" offset="0" sl="44" sc="9" el="44" ec="10" bec="0" bev="0" fileid="4" />
            </Method>
            <Method visited="false" cyclomaticComplexity="1" nPathComplexity="0" sequenceCoverage="0" branchCoverage="0" crapScore="2" isConstructor="true" isStatic="false" isGetter="false" isSetter="false">
              <Summary numSequencePoints="0" visitedSequencePoints="0" numBranchPoints="0" visitedBranchPoints="0" sequenceCoverage="0" branchCoverage="0" maxCyclomaticComplexity="1" minCyclomaticComplexity="1" maxCrapScore="2" minCrapScore="2" visitedClasses="0" numClasses="0" visitedMethods="0" numMethods="0" />
              <MetadataToken>100663305</MetadataToken>
              <Name>System.Void Order.API.IntegrationTest.UserTests.UserCreatedTest::.ctor()</Name>
              <SequencePoints />
              <BranchPoints />
              <MethodPoint vc="0" uspid="39" ordinal="0" offset="0" />
            </Method>
          </Methods>
        </Class>
        <Class>
          <Summary numSequencePoints="1" visitedSequencePoints="0" numBranchPoints="1" visitedBranchPoints="0" sequenceCoverage="0" branchCoverage="0" maxCyclomaticComplexity="1" minCyclomaticComplexity="1" maxCrapScore="2" minCrapScore="2" visitedClasses="0" numClasses="1" visitedMethods="0" numMethods="1" />
          <FullName>Order.API.IntegrationTest.UserTests.UserCreatedTest/&lt;&gt;c</FullName>
          <Methods>
            <Method visited="false" cyclomaticComplexity="1" nPathComplexity="0" sequenceCoverage="0" branchCoverage="0" crapScore="2" isConstructor="true" isStatic="true" isGetter="false" isSetter="false">
              <Summary numSequencePoints="0" visitedSequencePoints="0" numBranchPoints="0" visitedBranchPoints="0" sequenceCoverage="0" branchCoverage="0" maxCyclomaticComplexity="1" minCyclomaticComplexity="1" maxCrapScore="2" minCrapScore="2" visitedClasses="0" numClasses="0" visitedMethods="0" numMethods="0" />
              <MetadataToken>100663338</MetadataToken>
              <Name>System.Void Order.API.IntegrationTest.UserTests.UserCreatedTest/&lt;&gt;c::.cctor()</Name>
              <SequencePoints />
              <BranchPoints />
              <MethodPoint vc="0" uspid="40" ordinal="0" offset="0" />
            </Method>
            <Method visited="false" cyclomaticComplexity="1" nPathComplexity="0" sequenceCoverage="0" branchCoverage="0" crapScore="2" isConstructor="true" isStatic="false" isGetter="false" isSetter="false">
              <Summary numSequencePoints="0" visitedSequencePoints="0" numBranchPoints="0" visitedBranchPoints="0" sequenceCoverage="0" branchCoverage="0" maxCyclomaticComplexity="1" minCyclomaticComplexity="1" maxCrapScore="2" minCrapScore="2" visitedClasses="0" numClasses="0" visitedMethods="0" numMethods="0" />
              <MetadataToken>100663339</MetadataToken>
              <Name>System.Void Order.API.IntegrationTest.UserTests.UserCreatedTest/&lt;&gt;c::.ctor()</Name>
              <SequencePoints />
              <BranchPoints />
              <MethodPoint vc="0" uspid="41" ordinal="0" offset="0" />
            </Method>
            <Method visited="false" cyclomaticComplexity="1" nPathComplexity="0" sequenceCoverage="0" branchCoverage="0" crapScore="2" isConstructor="false" isStatic="false" isGetter="false" isSetter="false">
              <Summary numSequencePoints="1" visitedSequencePoints="0" numBranchPoints="1" visitedBranchPoints="0" sequenceCoverage="0" branchCoverage="0" maxCyclomaticComplexity="1" minCyclomaticComplexity="1" maxCrapScore="2" minCrapScore="2" visitedClasses="0" numClasses="0" visitedMethods="0" numMethods="1" />
              <MetadataToken>100663340</MetadataToken>
              <Name>System.String Order.API.IntegrationTest.UserTests.UserCreatedTest/&lt;&gt;c::&lt;Successfull_Insert_User&gt;b__5_0(Order.API.Shared.Entities.Error)</Name>
              <FileRef uid="4" />
              <SequencePoints>
                <SequencePoint vc="0" uspid="42" ordinal="0" offset="0" sl="39" sc="103" el="39" ec="112" bec="0" bev="0" fileid="4" />
              </SequencePoints>
              <BranchPoints />
              <MethodPoint xsi:type="SequencePoint" vc="0" uspid="42" ordinal="0" offset="0" sl="39" sc="103" el="39" ec="112" bec="0" bev="0" fileid="4" />
            </Method>
          </Methods>
        </Class>
        <Class>
          <Summary numSequencePoints="5" visitedSequencePoints="5" numBranchPoints="7" visitedBranchPoints="3" sequenceCoverage="100" branchCoverage="42.86" maxCyclomaticComplexity="6" minCyclomaticComplexity="1" maxCrapScore="6" minCrapScore="2" visitedClasses="1" numClasses="1" visitedMethods="1" numMethods="1" />
          <FullName>Order.API.IntegrationTest.UserTests.UserCreatedTest/&lt;Successfull_Insert_User&gt;d__5</FullName>
          <Methods>
            <Method visited="false" cyclomaticComplexity="1" nPathComplexity="0" sequenceCoverage="0" branchCoverage="0" crapScore="2" isConstructor="true" isStatic="false" isGetter="false" isSetter="false">
              <Summary numSequencePoints="0" visitedSequencePoints="0" numBranchPoints="0" visitedBranchPoints="0" sequenceCoverage="0" branchCoverage="0" maxCyclomaticComplexity="1" minCyclomaticComplexity="1" maxCrapScore="2" minCrapScore="2" visitedClasses="0" numClasses="0" visitedMethods="0" numMethods="0" />
              <MetadataToken>100663341</MetadataToken>
              <Name>System.Void Order.API.IntegrationTest.UserTests.UserCreatedTest/&lt;Successfull_Insert_User&gt;d__5::.ctor()</Name>
              <SequencePoints />
              <BranchPoints />
              <MethodPoint vc="0" uspid="43" ordinal="0" offset="0" />
            </Method>
            <Method visited="true" cyclomaticComplexity="6" nPathComplexity="8" sequenceCoverage="100" branchCoverage="42.86" crapScore="6" isConstructor="false" isStatic="false" isGetter="false" isSetter="false">
              <Summary numSequencePoints="5" visitedSequencePoints="5" numBranchPoints="7" visitedBranchPoints="3" sequenceCoverage="100" branchCoverage="42.86" maxCyclomaticComplexity="6" minCyclomaticComplexity="6" maxCrapScore="6" minCrapScore="6" visitedClasses="0" numClasses="0" visitedMethods="1" numMethods="1" />
              <MetadataToken>100663342</MetadataToken>
              <Name>System.Void Order.API.IntegrationTest.UserTests.UserCreatedTest/&lt;Successfull_Insert_User&gt;d__5::MoveNext()</Name>
              <FileRef uid="4" />
              <SequencePoints>
                <SequencePoint vc="1" uspid="44" ordinal="0" offset="14" sl="37" sc="9" el="37" ec="10" bec="0" bev="0" fileid="4" />
                <SequencePoint vc="1" uspid="45" ordinal="1" offset="15" sl="38" sc="13" el="38" ec="66" bec="2" bev="1" fileid="4" />
                <SequencePoint vc="1" uspid="46" ordinal="2" offset="156" sl="39" sc="13" el="39" ec="130" bec="4" bev="1" fileid="4" />
                <SequencePoint vc="1" uspid="47" ordinal="3" offset="239" sl="40" sc="13" el="40" ec="53" bec="0" bev="0" fileid="4" />
                <SequencePoint vc="1" uspid="48" ordinal="4" offset="302" sl="41" sc="9" el="41" ec="10" bec="0" bev="0" fileid="4" />
              </SequencePoints>
              <BranchPoints>
                <BranchPoint vc="1" uspid="49" ordinal="0" offset="55" sl="38" path="0" offsetend="57" fileid="4" />
                <BranchPoint vc="0" uspid="50" ordinal="1" offset="55" sl="38" path="1" offsetend="124" fileid="4" />
                <BranchPoint vc="1" uspid="51" ordinal="2" offset="168" sl="39" path="0" offsetend="170" fileid="4" />
                <BranchPoint vc="0" uspid="52" ordinal="3" offset="168" sl="39" path="1" offsetend="177" fileid="4" />
                <BranchPoint vc="0" uspid="53" ordinal="4" offset="199" sl="39" path="0" offsetend="201" fileid="4" />
                <BranchPoint vc="0" uspid="54" ordinal="5" offset="199" sl="39" path="1" offsetend="224" fileid="4" />
              </BranchPoints>
              <MethodPoint vc="2" uspid="55" ordinal="0" offset="0" />
            </Method>
            <Method visited="false" cyclomaticComplexity="1" nPathComplexity="0" sequenceCoverage="0" branchCoverage="0" crapScore="2" isConstructor="false" isStatic="false" isGetter="false" isSetter="false">
              <Summary numSequencePoints="0" visitedSequencePoints="0" numBranchPoints="0" visitedBranchPoints="0" sequenceCoverage="0" branchCoverage="0" maxCyclomaticComplexity="1" minCyclomaticComplexity="1" maxCrapScore="2" minCrapScore="2" visitedClasses="0" numClasses="0" visitedMethods="0" numMethods="0" />
              <MetadataToken>100663343</MetadataToken>
              <Name>System.Void Order.API.IntegrationTest.UserTests.UserCreatedTest/&lt;Successfull_Insert_User&gt;d__5::SetStateMachine(System.Runtime.CompilerServices.IAsyncStateMachine)</Name>
              <SequencePoints />
              <BranchPoints />
              <MethodPoint vc="0" uspid="56" ordinal="0" offset="0" />
            </Method>
          </Methods>
        </Class>
        <Class>
          <Summary numSequencePoints="13" visitedSequencePoints="13" numBranchPoints="3" visitedBranchPoints="3" sequenceCoverage="100" branchCoverage="100" maxCyclomaticComplexity="1" minCyclomaticComplexity="1" maxCrapScore="2" minCrapScore="1" visitedClasses="1" numClasses="1" visitedMethods="3" numMethods="3" />
          <FullName>Order.API.IntegrationTest.OrderTest.WishListCreatedTest</FullName>
          <Methods>
            <Method visited="true" cyclomaticComplexity="1" nPathComplexity="0" sequenceCoverage="100" branchCoverage="100" crapScore="1" isConstructor="false" isStatic="false" isGetter="true" isSetter="false">
              <Summary numSequencePoints="1" visitedSequencePoints="1" numBranchPoints="1" visitedBranchPoints="1" sequenceCoverage="100" branchCoverage="100" maxCyclomaticComplexity="1" minCyclomaticComplexity="1" maxCrapScore="1" minCrapScore="1" visitedClasses="0" numClasses="0" visitedMethods="1" numMethods="1" />
              <MetadataToken>100663306</MetadataToken>
              <Name>Order.API.Shared.Entities.Request.WishListRequest Order.API.IntegrationTest.OrderTest.WishListCreatedTest::get_GetWishListRequest()</Name>
              <FileRef uid="7" />
              <SequencePoints>
                <SequencePoint vc="1" uspid="57" ordinal="0" offset="0" sl="21" sc="54" el="32" ec="10" bec="0" bev="0" fileid="7" />
              </SequencePoints>
              <BranchPoints />
              <MethodPoint xsi:type="SequencePoint" vc="1" uspid="57" ordinal="0" offset="0" sl="21" sc="54" el="32" ec="10" bec="0" bev="0" fileid="7" />
            </Method>
            <Method visited="true" cyclomaticComplexity="1" nPathComplexity="0" sequenceCoverage="100" branchCoverage="100" crapScore="1" isConstructor="false" isStatic="false" isGetter="false" isSetter="false">
              <Summary numSequencePoints="6" visitedSequencePoints="6" numBranchPoints="1" visitedBranchPoints="1" sequenceCoverage="100" branchCoverage="100" maxCyclomaticComplexity="1" minCyclomaticComplexity="1" maxCrapScore="1" minCrapScore="1" visitedClasses="0" numClasses="0" visitedMethods="1" numMethods="1" />
              <MetadataToken>100663307</MetadataToken>
              <Name>System.Void Order.API.IntegrationTest.OrderTest.WishListCreatedTest::Initialize()</Name>
              <FileRef uid="7" />
              <SequencePoints>
                <SequencePoint vc="1" uspid="58" ordinal="0" offset="0" sl="36" sc="9" el="36" ec="10" bec="0" bev="0" fileid="7" />
                <SequencePoint vc="1" uspid="59" ordinal="1" offset="1" sl="37" sc="13" el="37" ec="59" bec="0" bev="0" fileid="7" />
                <SequencePoint vc="1" uspid="60" ordinal="2" offset="7" sl="38" sc="13" el="38" ec="61" bec="0" bev="0" fileid="7" />
                <SequencePoint vc="1" uspid="61" ordinal="3" offset="19" sl="39" sc="13" el="39" ec="63" bec="0" bev="0" fileid="7" />
                <SequencePoint vc="1" uspid="62" ordinal="4" offset="31" sl="40" sc="13" el="40" ec="83" bec="0" bev="0" fileid="7" />
                <SequencePoint vc="1" uspid="63" ordinal="5" offset="54" sl="41" sc="9" el="41" ec="10" bec="0" bev="0" fileid="7" />
              </SequencePoints>
              <BranchPoints />
              <MethodPoint xsi:type="SequencePoint" vc="1" uspid="58" ordinal="0" offset="0" sl="36" sc="9" el="36" ec="10" bec="0" bev="0" fileid="7" />
            </Method>
            <Method visited="false" cyclomaticComplexity="1" nPathComplexity="0" sequenceCoverage="0" branchCoverage="0" crapScore="2" isConstructor="false" isStatic="false" isGetter="false" isSetter="false">
              <Summary numSequencePoints="0" visitedSequencePoints="0" numBranchPoints="0" visitedBranchPoints="0" sequenceCoverage="0" branchCoverage="0" maxCyclomaticComplexity="1" minCyclomaticComplexity="1" maxCrapScore="2" minCrapScore="2" visitedClasses="0" numClasses="0" visitedMethods="0" numMethods="0" />
              <MetadataToken>100663308</MetadataToken>
              <Name>System.Threading.Tasks.Task Order.API.IntegrationTest.OrderTest.WishListCreatedTest::Successfull_WishList_Created()</Name>
              <SequencePoints />
              <BranchPoints />
              <MethodPoint vc="0" uspid="64" ordinal="0" offset="0" />
            </Method>
            <Method visited="true" cyclomaticComplexity="1" nPathComplexity="0" sequenceCoverage="100" branchCoverage="100" crapScore="1" isConstructor="false" isStatic="false" isGetter="false" isSetter="false">
              <Summary numSequencePoints="6" visitedSequencePoints="6" numBranchPoints="1" visitedBranchPoints="1" sequenceCoverage="100" branchCoverage="100" maxCyclomaticComplexity="1" minCyclomaticComplexity="1" maxCrapScore="1" minCrapScore="1" visitedClasses="0" numClasses="0" visitedMethods="1" numMethods="1" />
              <MetadataToken>100663309</MetadataToken>
              <Name>System.String Order.API.IntegrationTest.OrderTest.WishListCreatedTest::GetWishListName()</Name>
              <FileRef uid="7" />
              <SequencePoints>
                <SequencePoint vc="1" uspid="65" ordinal="0" offset="0" sl="52" sc="9" el="52" ec="10" bec="0" bev="0" fileid="7" />
                <SequencePoint vc="1" uspid="66" ordinal="1" offset="1" sl="53" sc="13" el="53" ec="42" bec="0" bev="0" fileid="7" />
                <SequencePoint vc="1" uspid="67" ordinal="2" offset="7" sl="54" sc="13" el="54" ec="51" bec="0" bev="0" fileid="7" />
                <SequencePoint vc="1" uspid="68" ordinal="3" offset="20" sl="55" sc="13" el="55" ec="54" bec="0" bev="0" fileid="7" />
                <SequencePoint vc="1" uspid="69" ordinal="4" offset="37" sl="56" sc="13" el="56" ec="58" bec="0" bev="0" fileid="7" />
                <SequencePoint vc="1" uspid="70" ordinal="5" offset="62" sl="57" sc="9" el="57" ec="10" bec="0" bev="0" fileid="7" />
              </SequencePoints>
              <BranchPoints />
              <MethodPoint xsi:type="SequencePoint" vc="1" uspid="65" ordinal="0" offset="0" sl="52" sc="9" el="52" ec="10" bec="0" bev="0" fileid="7" />
            </Method>
            <Method visited="false" cyclomaticComplexity="1" nPathComplexity="0" sequenceCoverage="0" branchCoverage="0" crapScore="2" isConstructor="true" isStatic="false" isGetter="false" isSetter="false">
              <Summary numSequencePoints="0" visitedSequencePoints="0" numBranchPoints="0" visitedBranchPoints="0" sequenceCoverage="0" branchCoverage="0" maxCyclomaticComplexity="1" minCyclomaticComplexity="1" maxCrapScore="2" minCrapScore="2" visitedClasses="0" numClasses="0" visitedMethods="0" numMethods="0" />
              <MetadataToken>100663310</MetadataToken>
              <Name>System.Void Order.API.IntegrationTest.OrderTest.WishListCreatedTest::.ctor()</Name>
              <SequencePoints />
              <BranchPoints />
              <MethodPoint vc="0" uspid="71" ordinal="0" offset="0" />
            </Method>
          </Methods>
        </Class>
        <Class>
          <Summary numSequencePoints="1" visitedSequencePoints="0" numBranchPoints="1" visitedBranchPoints="0" sequenceCoverage="0" branchCoverage="0" maxCyclomaticComplexity="1" minCyclomaticComplexity="1" maxCrapScore="2" minCrapScore="2" visitedClasses="0" numClasses="1" visitedMethods="0" numMethods="1" />
          <FullName>Order.API.IntegrationTest.OrderTest.WishListCreatedTest/&lt;&gt;c</FullName>
          <Methods>
            <Method visited="false" cyclomaticComplexity="1" nPathComplexity="0" sequenceCoverage="0" branchCoverage="0" crapScore="2" isConstructor="true" isStatic="true" isGetter="false" isSetter="false">
              <Summary numSequencePoints="0" visitedSequencePoints="0" numBranchPoints="0" visitedBranchPoints="0" sequenceCoverage="0" branchCoverage="0" maxCyclomaticComplexity="1" minCyclomaticComplexity="1" maxCrapScore="2" minCrapScore="2" visitedClasses="0" numClasses="0" visitedMethods="0" numMethods="0" />
              <MetadataToken>100663344</MetadataToken>
              <Name>System.Void Order.API.IntegrationTest.OrderTest.WishListCreatedTest/&lt;&gt;c::.cctor()</Name>
              <SequencePoints />
              <BranchPoints />
              <MethodPoint vc="0" uspid="72" ordinal="0" offset="0" />
            </Method>
            <Method visited="false" cyclomaticComplexity="1" nPathComplexity="0" sequenceCoverage="0" branchCoverage="0" crapScore="2" isConstructor="true" isStatic="false" isGetter="false" isSetter="false">
              <Summary numSequencePoints="0" visitedSequencePoints="0" numBranchPoints="0" visitedBranchPoints="0" sequenceCoverage="0" branchCoverage="0" maxCyclomaticComplexity="1" minCyclomaticComplexity="1" maxCrapScore="2" minCrapScore="2" visitedClasses="0" numClasses="0" visitedMethods="0" numMethods="0" />
              <MetadataToken>100663345</MetadataToken>
              <Name>System.Void Order.API.IntegrationTest.OrderTest.WishListCreatedTest/&lt;&gt;c::.ctor()</Name>
              <SequencePoints />
              <BranchPoints />
              <MethodPoint vc="0" uspid="73" ordinal="0" offset="0" />
            </Method>
            <Method visited="false" cyclomaticComplexity="1" nPathComplexity="0" sequenceCoverage="0" branchCoverage="0" crapScore="2" isConstructor="false" isStatic="false" isGetter="false" isSetter="false">
              <Summary numSequencePoints="1" visitedSequencePoints="0" numBranchPoints="1" visitedBranchPoints="0" sequenceCoverage="0" branchCoverage="0" maxCyclomaticComplexity="1" minCyclomaticComplexity="1" maxCrapScore="2" minCrapScore="2" visitedClasses="0" numClasses="0" visitedMethods="0" numMethods="1" />
              <MetadataToken>100663346</MetadataToken>
              <Name>System.String Order.API.IntegrationTest.OrderTest.WishListCreatedTest/&lt;&gt;c::&lt;Successfull_WishList_Created&gt;b__6_0(Order.API.Shared.Entities.Error)</Name>
              <FileRef uid="7" />
              <SequencePoints>
                <SequencePoint vc="0" uspid="74" ordinal="0" offset="0" sl="47" sc="103" el="47" ec="112" bec="0" bev="0" fileid="7" />
              </SequencePoints>
              <BranchPoints />
              <MethodPoint xsi:type="SequencePoint" vc="0" uspid="74" ordinal="0" offset="0" sl="47" sc="103" el="47" ec="112" bec="0" bev="0" fileid="7" />
            </Method>
          </Methods>
        </Class>
        <Class>
          <Summary numSequencePoints="5" visitedSequencePoints="5" numBranchPoints="7" visitedBranchPoints="3" sequenceCoverage="100" branchCoverage="42.86" maxCyclomaticComplexity="6" minCyclomaticComplexity="1" maxCrapScore="6" minCrapScore="2" visitedClasses="1" numClasses="1" visitedMethods="1" numMethods="1" />
          <FullName>Order.API.IntegrationTest.OrderTest.WishListCreatedTest/&lt;Successfull_WishList_Created&gt;d__6</FullName>
          <Methods>
            <Method visited="false" cyclomaticComplexity="1" nPathComplexity="0" sequenceCoverage="0" branchCoverage="0" crapScore="2" isConstructor="true" isStatic="false" isGetter="false" isSetter="false">
              <Summary numSequencePoints="0" visitedSequencePoints="0" numBranchPoints="0" visitedBranchPoints="0" sequenceCoverage="0" branchCoverage="0" maxCyclomaticComplexity="1" minCyclomaticComplexity="1" maxCrapScore="2" minCrapScore="2" visitedClasses="0" numClasses="0" visitedMethods="0" numMethods="0" />
              <MetadataToken>100663347</MetadataToken>
              <Name>System.Void Order.API.IntegrationTest.OrderTest.WishListCreatedTest/&lt;Successfull_WishList_Created&gt;d__6::.ctor()</Name>
              <SequencePoints />
              <BranchPoints />
              <MethodPoint vc="0" uspid="75" ordinal="0" offset="0" />
            </Method>
            <Method visited="true" cyclomaticComplexity="6" nPathComplexity="8" sequenceCoverage="100" branchCoverage="42.86" crapScore="6" isConstructor="false" isStatic="false" isGetter="false" isSetter="false">
              <Summary numSequencePoints="5" visitedSequencePoints="5" numBranchPoints="7" visitedBranchPoints="3" sequenceCoverage="100" branchCoverage="42.86" maxCyclomaticComplexity="6" minCyclomaticComplexity="6" maxCrapScore="6" minCrapScore="6" visitedClasses="0" numClasses="0" visitedMethods="1" numMethods="1" />
              <MetadataToken>100663348</MetadataToken>
              <Name>System.Void Order.API.IntegrationTest.OrderTest.WishListCreatedTest/&lt;Successfull_WishList_Created&gt;d__6::MoveNext()</Name>
              <FileRef uid="7" />
              <SequencePoints>
                <SequencePoint vc="1" uspid="76" ordinal="0" offset="14" sl="45" sc="9" el="45" ec="10" bec="0" bev="0" fileid="7" />
                <SequencePoint vc="1" uspid="77" ordinal="1" offset="15" sl="46" sc="13" el="46" ec="70" bec="2" bev="1" fileid="7" />
                <SequencePoint vc="1" uspid="78" ordinal="2" offset="156" sl="47" sc="13" el="47" ec="130" bec="4" bev="1" fileid="7" />
                <SequencePoint vc="1" uspid="79" ordinal="3" offset="239" sl="48" sc="13" el="48" ec="53" bec="0" bev="0" fileid="7" />
                <SequencePoint vc="1" uspid="80" ordinal="4" offset="302" sl="49" sc="9" el="49" ec="10" bec="0" bev="0" fileid="7" />
              </SequencePoints>
              <BranchPoints>
                <BranchPoint vc="1" uspid="81" ordinal="0" offset="55" sl="46" path="0" offsetend="57" fileid="7" />
                <BranchPoint vc="0" uspid="82" ordinal="1" offset="55" sl="46" path="1" offsetend="124" fileid="7" />
                <BranchPoint vc="1" uspid="83" ordinal="2" offset="168" sl="47" path="0" offsetend="170" fileid="7" />
                <BranchPoint vc="0" uspid="84" ordinal="3" offset="168" sl="47" path="1" offsetend="177" fileid="7" />
                <BranchPoint vc="0" uspid="85" ordinal="4" offset="199" sl="47" path="0" offsetend="201" fileid="7" />
                <BranchPoint vc="0" uspid="86" ordinal="5" offset="199" sl="47" path="1" offsetend="224" fileid="7" />
              </BranchPoints>
              <MethodPoint vc="2" uspid="87" ordinal="0" offset="0" />
            </Method>
            <Method visited="false" cyclomaticComplexity="1" nPathComplexity="0" sequenceCoverage="0" branchCoverage="0" crapScore="2" isConstructor="false" isStatic="false" isGetter="false" isSetter="false">
              <Summary numSequencePoints="0" visitedSequencePoints="0" numBranchPoints="0" visitedBranchPoints="0" sequenceCoverage="0" branchCoverage="0" maxCyclomaticComplexity="1" minCyclomaticComplexity="1" maxCrapScore="2" minCrapScore="2" visitedClasses="0" numClasses="0" visitedMethods="0" numMethods="0" />
              <MetadataToken>100663349</MetadataToken>
              <Name>System.Void Order.API.IntegrationTest.OrderTest.WishListCreatedTest/&lt;Successfull_WishList_Created&gt;d__6::SetStateMachine(System.Runtime.CompilerServices.IAsyncStateMachine)</Name>
              <SequencePoints />
              <BranchPoints />
              <MethodPoint vc="0" uspid="88" ordinal="0" offset="0" />
            </Method>
          </Methods>
        </Class>
        <Class>
          <Summary numSequencePoints="7" visitedSequencePoints="7" numBranchPoints="2" visitedBranchPoints="2" sequenceCoverage="100" branchCoverage="100" maxCyclomaticComplexity="1" minCyclomaticComplexity="1" maxCrapScore="2" minCrapScore="1" visitedClasses="1" numClasses="1" visitedMethods="2" numMethods="2" />
          <FullName>Order.API.IntegrationTest.OrderTest.WishListFilterListTest</FullName>
          <Methods>
            <Method visited="true" cyclomaticComplexity="1" nPathComplexity="0" sequenceCoverage="100" branchCoverage="100" crapScore="1" isConstructor="false" isStatic="true" isGetter="true" isSetter="false">
              <Summary numSequencePoints="1" visitedSequencePoints="1" numBranchPoints="1" visitedBranchPoints="1" sequenceCoverage="100" branchCoverage="100" maxCyclomaticComplexity="1" minCyclomaticComplexity="1" maxCrapScore="1" minCrapScore="1" visitedClasses="0" numClasses="0" visitedMethods="1" numMethods="1" />
              <MetadataToken>100663311</MetadataToken>
              <Name>Order.API.Shared.Entities.Request.WishListRequest Order.API.IntegrationTest.OrderTest.WishListFilterListTest::get_GetWishListRequest()</Name>
              <FileRef uid="10" />
              <SequencePoints>
                <SequencePoint vc="1" uspid="89" ordinal="0" offset="0" sl="21" sc="61" el="28" ec="10" bec="0" bev="0" fileid="10" />
              </SequencePoints>
              <BranchPoints />
              <MethodPoint xsi:type="SequencePoint" vc="1" uspid="89" ordinal="0" offset="0" sl="21" sc="61" el="28" ec="10" bec="0" bev="0" fileid="10" />
            </Method>
            <Method visited="true" cyclomaticComplexity="1" nPathComplexity="0" sequenceCoverage="100" branchCoverage="100" crapScore="1" isConstructor="false" isStatic="false" isGetter="false" isSetter="false">
              <Summary numSequencePoints="6" visitedSequencePoints="6" numBranchPoints="1" visitedBranchPoints="1" sequenceCoverage="100" branchCoverage="100" maxCyclomaticComplexity="1" minCyclomaticComplexity="1" maxCrapScore="1" minCrapScore="1" visitedClasses="0" numClasses="0" visitedMethods="1" numMethods="1" />
              <MetadataToken>100663312</MetadataToken>
              <Name>System.Void Order.API.IntegrationTest.OrderTest.WishListFilterListTest::Initialize()</Name>
              <FileRef uid="10" />
              <SequencePoints>
                <SequencePoint vc="1" uspid="90" ordinal="0" offset="0" sl="32" sc="9" el="32" ec="10" bec="0" bev="0" fileid="10" />
                <SequencePoint vc="1" uspid="91" ordinal="1" offset="1" sl="33" sc="13" el="33" ec="59" bec="0" bev="0" fileid="10" />
                <SequencePoint vc="1" uspid="92" ordinal="2" offset="7" sl="34" sc="13" el="34" ec="61" bec="0" bev="0" fileid="10" />
                <SequencePoint vc="1" uspid="93" ordinal="3" offset="19" sl="35" sc="13" el="35" ec="63" bec="0" bev="0" fileid="10" />
                <SequencePoint vc="1" uspid="94" ordinal="4" offset="31" sl="36" sc="13" el="36" ec="86" bec="0" bev="0" fileid="10" />
                <SequencePoint vc="1" uspid="95" ordinal="5" offset="54" sl="37" sc="9" el="37" ec="10" bec="0" bev="0" fileid="10" />
              </SequencePoints>
              <BranchPoints />
              <MethodPoint xsi:type="SequencePoint" vc="1" uspid="90" ordinal="0" offset="0" sl="32" sc="9" el="32" ec="10" bec="0" bev="0" fileid="10" />
            </Method>
            <Method visited="false" cyclomaticComplexity="1" nPathComplexity="0" sequenceCoverage="0" branchCoverage="0" crapScore="2" isConstructor="false" isStatic="false" isGetter="false" isSetter="false">
              <Summary numSequencePoints="0" visitedSequencePoints="0" numBranchPoints="0" visitedBranchPoints="0" sequenceCoverage="0" branchCoverage="0" maxCyclomaticComplexity="1" minCyclomaticComplexity="1" maxCrapScore="2" minCrapScore="2" visitedClasses="0" numClasses="0" visitedMethods="0" numMethods="0" />
              <MetadataToken>100663313</MetadataToken>
              <Name>System.Threading.Tasks.Task Order.API.IntegrationTest.OrderTest.WishListFilterListTest::Successfull_WishList_GetAll()</Name>
              <SequencePoints />
              <BranchPoints />
              <MethodPoint vc="0" uspid="96" ordinal="0" offset="0" />
            </Method>
            <Method visited="false" cyclomaticComplexity="1" nPathComplexity="0" sequenceCoverage="0" branchCoverage="0" crapScore="2" isConstructor="true" isStatic="false" isGetter="false" isSetter="false">
              <Summary numSequencePoints="0" visitedSequencePoints="0" numBranchPoints="0" visitedBranchPoints="0" sequenceCoverage="0" branchCoverage="0" maxCyclomaticComplexity="1" minCyclomaticComplexity="1" maxCrapScore="2" minCrapScore="2" visitedClasses="0" numClasses="0" visitedMethods="0" numMethods="0" />
              <MetadataToken>100663314</MetadataToken>
              <Name>System.Void Order.API.IntegrationTest.OrderTest.WishListFilterListTest::.ctor()</Name>
              <SequencePoints />
              <BranchPoints />
              <MethodPoint vc="0" uspid="97" ordinal="0" offset="0" />
            </Method>
          </Methods>
        </Class>
        <Class>
          <Summary numSequencePoints="1" visitedSequencePoints="0" numBranchPoints="1" visitedBranchPoints="0" sequenceCoverage="0" branchCoverage="0" maxCyclomaticComplexity="1" minCyclomaticComplexity="1" maxCrapScore="2" minCrapScore="2" visitedClasses="0" numClasses="1" visitedMethods="0" numMethods="1" />
          <FullName>Order.API.IntegrationTest.OrderTest.WishListFilterListTest/&lt;&gt;c</FullName>
          <Methods>
            <Method visited="false" cyclomaticComplexity="1" nPathComplexity="0" sequenceCoverage="0" branchCoverage="0" crapScore="2" isConstructor="true" isStatic="true" isGetter="false" isSetter="false">
              <Summary numSequencePoints="0" visitedSequencePoints="0" numBranchPoints="0" visitedBranchPoints="0" sequenceCoverage="0" branchCoverage="0" maxCyclomaticComplexity="1" minCyclomaticComplexity="1" maxCrapScore="2" minCrapScore="2" visitedClasses="0" numClasses="0" visitedMethods="0" numMethods="0" />
              <MetadataToken>100663350</MetadataToken>
              <Name>System.Void Order.API.IntegrationTest.OrderTest.WishListFilterListTest/&lt;&gt;c::.cctor()</Name>
              <SequencePoints />
              <BranchPoints />
              <MethodPoint vc="0" uspid="98" ordinal="0" offset="0" />
            </Method>
            <Method visited="false" cyclomaticComplexity="1" nPathComplexity="0" sequenceCoverage="0" branchCoverage="0" crapScore="2" isConstructor="true" isStatic="false" isGetter="false" isSetter="false">
              <Summary numSequencePoints="0" visitedSequencePoints="0" numBranchPoints="0" visitedBranchPoints="0" sequenceCoverage="0" branchCoverage="0" maxCyclomaticComplexity="1" minCyclomaticComplexity="1" maxCrapScore="2" minCrapScore="2" visitedClasses="0" numClasses="0" visitedMethods="0" numMethods="0" />
              <MetadataToken>100663351</MetadataToken>
              <Name>System.Void Order.API.IntegrationTest.OrderTest.WishListFilterListTest/&lt;&gt;c::.ctor()</Name>
              <SequencePoints />
              <BranchPoints />
              <MethodPoint vc="0" uspid="99" ordinal="0" offset="0" />
            </Method>
            <Method visited="false" cyclomaticComplexity="1" nPathComplexity="0" sequenceCoverage="0" branchCoverage="0" crapScore="2" isConstructor="false" isStatic="false" isGetter="false" isSetter="false">
              <Summary numSequencePoints="1" visitedSequencePoints="0" numBranchPoints="1" visitedBranchPoints="0" sequenceCoverage="0" branchCoverage="0" maxCyclomaticComplexity="1" minCyclomaticComplexity="1" maxCrapScore="2" minCrapScore="2" visitedClasses="0" numClasses="0" visitedMethods="0" numMethods="1" />
              <MetadataToken>100663352</MetadataToken>
              <Name>System.String Order.API.IntegrationTest.OrderTest.WishListFilterListTest/&lt;&gt;c::&lt;Successfull_WishList_GetAll&gt;b__6_0(Order.API.Shared.Entities.Error)</Name>
              <FileRef uid="10" />
              <SequencePoints>
                <SequencePoint vc="0" uspid="100" ordinal="0" offset="0" sl="43" sc="103" el="43" ec="112" bec="0" bev="0" fileid="10" />
              </SequencePoints>
              <BranchPoints />
              <MethodPoint xsi:type="SequencePoint" vc="0" uspid="100" ordinal="0" offset="0" sl="43" sc="103" el="43" ec="112" bec="0" bev="0" fileid="10" />
            </Method>
          </Methods>
        </Class>
        <Class>
          <Summary numSequencePoints="5" visitedSequencePoints="5" numBranchPoints="7" visitedBranchPoints="3" sequenceCoverage="100" branchCoverage="42.86" maxCyclomaticComplexity="6" minCyclomaticComplexity="1" maxCrapScore="6" minCrapScore="2" visitedClasses="1" numClasses="1" visitedMethods="1" numMethods="1" />
          <FullName>Order.API.IntegrationTest.OrderTest.WishListFilterListTest/&lt;Successfull_WishList_GetAll&gt;d__6</FullName>
          <Methods>
            <Method visited="false" cyclomaticComplexity="1" nPathComplexity="0" sequenceCoverage="0" branchCoverage="0" crapScore="2" isConstructor="true" isStatic="false" isGetter="false" isSetter="false">
              <Summary numSequencePoints="0" visitedSequencePoints="0" numBranchPoints="0" visitedBranchPoints="0" sequenceCoverage="0" branchCoverage="0" maxCyclomaticComplexity="1" minCyclomaticComplexity="1" maxCrapScore="2" minCrapScore="2" visitedClasses="0" numClasses="0" visitedMethods="0" numMethods="0" />
              <MetadataToken>100663353</MetadataToken>
              <Name>System.Void Order.API.IntegrationTest.OrderTest.WishListFilterListTest/&lt;Successfull_WishList_GetAll&gt;d__6::.ctor()</Name>
              <SequencePoints />
              <BranchPoints />
              <MethodPoint vc="0" uspid="101" ordinal="0" offset="0" />
            </Method>
            <Method visited="true" cyclomaticComplexity="6" nPathComplexity="8" sequenceCoverage="100" branchCoverage="42.86" crapScore="6" isConstructor="false" isStatic="false" isGetter="false" isSetter="false">
              <Summary numSequencePoints="5" visitedSequencePoints="5" numBranchPoints="7" visitedBranchPoints="3" sequenceCoverage="100" branchCoverage="42.86" maxCyclomaticComplexity="6" minCyclomaticComplexity="6" maxCrapScore="6" minCrapScore="6" visitedClasses="0" numClasses="0" visitedMethods="1" numMethods="1" />
              <MetadataToken>100663354</MetadataToken>
              <Name>System.Void Order.API.IntegrationTest.OrderTest.WishListFilterListTest/&lt;Successfull_WishList_GetAll&gt;d__6::MoveNext()</Name>
              <FileRef uid="10" />
              <SequencePoints>
                <SequencePoint vc="1" uspid="102" ordinal="0" offset="14" sl="41" sc="9" el="41" ec="10" bec="0" bev="0" fileid="10" />
                <SequencePoint vc="1" uspid="103" ordinal="1" offset="15" sl="42" sc="13" el="42" ec="70" bec="2" bev="1" fileid="10" />
                <SequencePoint vc="1" uspid="104" ordinal="2" offset="150" sl="43" sc="13" el="43" ec="130" bec="4" bev="1" fileid="10" />
                <SequencePoint vc="1" uspid="105" ordinal="3" offset="233" sl="44" sc="13" el="44" ec="53" bec="0" bev="0" fileid="10" />
                <SequencePoint vc="1" uspid="106" ordinal="4" offset="296" sl="45" sc="9" el="45" ec="10" bec="0" bev="0" fileid="10" />
              </SequencePoints>
              <BranchPoints>
                <BranchPoint vc="1" uspid="107" ordinal="0" offset="49" sl="42" path="0" offsetend="51" fileid="10" />
                <BranchPoint vc="0" uspid="108" ordinal="1" offset="49" sl="42" path="1" offsetend="118" fileid="10" />
                <BranchPoint vc="1" uspid="109" ordinal="2" offset="162" sl="43" path="0" offsetend="164" fileid="10" />
                <BranchPoint vc="0" uspid="110" ordinal="3" offset="162" sl="43" path="1" offsetend="171" fileid="10" />
                <BranchPoint vc="0" uspid="111" ordinal="4" offset="193" sl="43" path="0" offsetend="195" fileid="10" />
                <BranchPoint vc="0" uspid="112" ordinal="5" offset="193" sl="43" path="1" offsetend="218" fileid="10" />
              </BranchPoints>
              <MethodPoint vc="2" uspid="113" ordinal="0" offset="0" />
            </Method>
            <Method visited="false" cyclomaticComplexity="1" nPathComplexity="0" sequenceCoverage="0" branchCoverage="0" crapScore="2" isConstructor="false" isStatic="false" isGetter="false" isSetter="false">
              <Summary numSequencePoints="0" visitedSequencePoints="0" numBranchPoints="0" visitedBranchPoints="0" sequenceCoverage="0" branchCoverage="0" maxCyclomaticComplexity="1" minCyclomaticComplexity="1" maxCrapScore="2" minCrapScore="2" visitedClasses="0" numClasses="0" visitedMethods="0" numMethods="0" />
              <MetadataToken>100663355</MetadataToken>
              <Name>System.Void Order.API.IntegrationTest.OrderTest.WishListFilterListTest/&lt;Successfull_WishList_GetAll&gt;d__6::SetStateMachine(System.Runtime.CompilerServices.IAsyncStateMachine)</Name>
              <SequencePoints />
              <BranchPoints />
              <MethodPoint vc="0" uspid="114" ordinal="0" offset="0" />
            </Method>
          </Methods>
        </Class>
        <Class>
          <Summary numSequencePoints="7" visitedSequencePoints="7" numBranchPoints="2" visitedBranchPoints="2" sequenceCoverage="100" branchCoverage="100" maxCyclomaticComplexity="1" minCyclomaticComplexity="1" maxCrapScore="2" minCrapScore="1" visitedClasses="1" numClasses="1" visitedMethods="2" numMethods="2" />
          <FullName>Order.API.IntegrationTest.OrderTest.WishListUpdatedTest</FullName>
          <Methods>
            <Method visited="true" cyclomaticComplexity="1" nPathComplexity="0" sequenceCoverage="100" branchCoverage="100" crapScore="1" isConstructor="false" isStatic="true" isGetter="true" isSetter="false">
              <Summary numSequencePoints="1" visitedSequencePoints="1" numBranchPoints="1" visitedBranchPoints="1" sequenceCoverage="100" branchCoverage="100" maxCyclomaticComplexity="1" minCyclomaticComplexity="1" maxCrapScore="1" minCrapScore="1" visitedClasses="0" numClasses="0" visitedMethods="1" numMethods="1" />
              <MetadataToken>100663315</MetadataToken>
              <Name>Order.API.Shared.Entities.Request.WishListRequest Order.API.IntegrationTest.OrderTest.WishListUpdatedTest::get_GetWishListRequest()</Name>
              <FileRef uid="13" />
              <SequencePoints>
                <SequencePoint vc="1" uspid="115" ordinal="0" offset="0" sl="20" sc="61" el="31" ec="10" bec="0" bev="0" fileid="13" />
              </SequencePoints>
              <BranchPoints />
              <MethodPoint xsi:type="SequencePoint" vc="1" uspid="115" ordinal="0" offset="0" sl="20" sc="61" el="31" ec="10" bec="0" bev="0" fileid="13" />
            </Method>
            <Method visited="true" cyclomaticComplexity="1" nPathComplexity="0" sequenceCoverage="100" branchCoverage="100" crapScore="1" isConstructor="false" isStatic="false" isGetter="false" isSetter="false">
              <Summary numSequencePoints="6" visitedSequencePoints="6" numBranchPoints="1" visitedBranchPoints="1" sequenceCoverage="100" branchCoverage="100" maxCyclomaticComplexity="1" minCyclomaticComplexity="1" maxCrapScore="1" minCrapScore="1" visitedClasses="0" numClasses="0" visitedMethods="1" numMethods="1" />
              <MetadataToken>100663316</MetadataToken>
              <Name>System.Void Order.API.IntegrationTest.OrderTest.WishListUpdatedTest::Initialize()</Name>
              <FileRef uid="13" />
              <SequencePoints>
                <SequencePoint vc="1" uspid="116" ordinal="0" offset="0" sl="35" sc="9" el="35" ec="10" bec="0" bev="0" fileid="13" />
                <SequencePoint vc="1" uspid="117" ordinal="1" offset="1" sl="36" sc="13" el="36" ec="59" bec="0" bev="0" fileid="13" />
                <SequencePoint vc="1" uspid="118" ordinal="2" offset="7" sl="37" sc="13" el="37" ec="61" bec="0" bev="0" fileid="13" />
                <SequencePoint vc="1" uspid="119" ordinal="3" offset="19" sl="38" sc="13" el="38" ec="63" bec="0" bev="0" fileid="13" />
                <SequencePoint vc="1" uspid="120" ordinal="4" offset="31" sl="39" sc="13" el="39" ec="83" bec="0" bev="0" fileid="13" />
                <SequencePoint vc="1" uspid="121" ordinal="5" offset="54" sl="40" sc="9" el="40" ec="10" bec="0" bev="0" fileid="13" />
              </SequencePoints>
              <BranchPoints />
              <MethodPoint xsi:type="SequencePoint" vc="1" uspid="116" ordinal="0" offset="0" sl="35" sc="9" el="35" ec="10" bec="0" bev="0" fileid="13" />
            </Method>
            <Method visited="false" cyclomaticComplexity="1" nPathComplexity="0" sequenceCoverage="0" branchCoverage="0" crapScore="2" isConstructor="false" isStatic="false" isGetter="false" isSetter="false">
              <Summary numSequencePoints="0" visitedSequencePoints="0" numBranchPoints="0" visitedBranchPoints="0" sequenceCoverage="0" branchCoverage="0" maxCyclomaticComplexity="1" minCyclomaticComplexity="1" maxCrapScore="2" minCrapScore="2" visitedClasses="0" numClasses="0" visitedMethods="0" numMethods="0" />
              <MetadataToken>100663317</MetadataToken>
              <Name>System.Threading.Tasks.Task Order.API.IntegrationTest.OrderTest.WishListUpdatedTest::Successfull_WishList_Updated()</Name>
              <SequencePoints />
              <BranchPoints />
              <MethodPoint vc="0" uspid="122" ordinal="0" offset="0" />
            </Method>
            <Method visited="false" cyclomaticComplexity="1" nPathComplexity="0" sequenceCoverage="0" branchCoverage="0" crapScore="2" isConstructor="true" isStatic="false" isGetter="false" isSetter="false">
              <Summary numSequencePoints="0" visitedSequencePoints="0" numBranchPoints="0" visitedBranchPoints="0" sequenceCoverage="0" branchCoverage="0" maxCyclomaticComplexity="1" minCyclomaticComplexity="1" maxCrapScore="2" minCrapScore="2" visitedClasses="0" numClasses="0" visitedMethods="0" numMethods="0" />
              <MetadataToken>100663318</MetadataToken>
              <Name>System.Void Order.API.IntegrationTest.OrderTest.WishListUpdatedTest::.ctor()</Name>
              <SequencePoints />
              <BranchPoints />
              <MethodPoint vc="0" uspid="123" ordinal="0" offset="0" />
            </Method>
          </Methods>
        </Class>
        <Class>
          <Summary numSequencePoints="1" visitedSequencePoints="1" numBranchPoints="1" visitedBranchPoints="1" sequenceCoverage="100" branchCoverage="100" maxCyclomaticComplexity="1" minCyclomaticComplexity="1" maxCrapScore="2" minCrapScore="1" visitedClasses="1" numClasses="1" visitedMethods="1" numMethods="1" />
          <FullName>Order.API.IntegrationTest.OrderTest.WishListUpdatedTest/&lt;&gt;c</FullName>
          <Methods>
            <Method visited="false" cyclomaticComplexity="1" nPathComplexity="0" sequenceCoverage="0" branchCoverage="0" crapScore="2" isConstructor="true" isStatic="true" isGetter="false" isSetter="false">
              <Summary numSequencePoints="0" visitedSequencePoints="0" numBranchPoints="0" visitedBranchPoints="0" sequenceCoverage="0" branchCoverage="0" maxCyclomaticComplexity="1" minCyclomaticComplexity="1" maxCrapScore="2" minCrapScore="2" visitedClasses="0" numClasses="0" visitedMethods="0" numMethods="0" />
              <MetadataToken>100663356</MetadataToken>
              <Name>System.Void Order.API.IntegrationTest.OrderTest.WishListUpdatedTest/&lt;&gt;c::.cctor()</Name>
              <SequencePoints />
              <BranchPoints />
              <MethodPoint vc="0" uspid="124" ordinal="0" offset="0" />
            </Method>
            <Method visited="false" cyclomaticComplexity="1" nPathComplexity="0" sequenceCoverage="0" branchCoverage="0" crapScore="2" isConstructor="true" isStatic="false" isGetter="false" isSetter="false">
              <Summary numSequencePoints="0" visitedSequencePoints="0" numBranchPoints="0" visitedBranchPoints="0" sequenceCoverage="0" branchCoverage="0" maxCyclomaticComplexity="1" minCyclomaticComplexity="1" maxCrapScore="2" minCrapScore="2" visitedClasses="0" numClasses="0" visitedMethods="0" numMethods="0" />
              <MetadataToken>100663357</MetadataToken>
              <Name>System.Void Order.API.IntegrationTest.OrderTest.WishListUpdatedTest/&lt;&gt;c::.ctor()</Name>
              <SequencePoints />
              <BranchPoints />
              <MethodPoint vc="0" uspid="125" ordinal="0" offset="0" />
            </Method>
            <Method visited="true" cyclomaticComplexity="1" nPathComplexity="0" sequenceCoverage="100" branchCoverage="100" crapScore="1" isConstructor="false" isStatic="false" isGetter="false" isSetter="false">
              <Summary numSequencePoints="1" visitedSequencePoints="1" numBranchPoints="1" visitedBranchPoints="1" sequenceCoverage="100" branchCoverage="100" maxCyclomaticComplexity="1" minCyclomaticComplexity="1" maxCrapScore="1" minCrapScore="1" visitedClasses="0" numClasses="0" visitedMethods="1" numMethods="1" />
              <MetadataToken>100663358</MetadataToken>
              <Name>System.String Order.API.IntegrationTest.OrderTest.WishListUpdatedTest/&lt;&gt;c::&lt;Successfull_WishList_Updated&gt;b__6_0(Order.API.Shared.Entities.Error)</Name>
              <FileRef uid="13" />
              <SequencePoints>
                <SequencePoint vc="1" uspid="126" ordinal="0" offset="0" sl="47" sc="103" el="47" ec="112" bec="0" bev="0" fileid="13" />
              </SequencePoints>
              <BranchPoints />
              <MethodPoint xsi:type="SequencePoint" vc="1" uspid="126" ordinal="0" offset="0" sl="47" sc="103" el="47" ec="112" bec="0" bev="0" fileid="13" />
            </Method>
          </Methods>
        </Class>
        <Class>
          <Summary numSequencePoints="4" visitedSequencePoints="4" numBranchPoints="7" visitedBranchPoints="4" sequenceCoverage="100" branchCoverage="57.14" maxCyclomaticComplexity="6" minCyclomaticComplexity="1" maxCrapScore="6" minCrapScore="2" visitedClasses="1" numClasses="1" visitedMethods="1" numMethods="1" />
          <FullName>Order.API.IntegrationTest.OrderTest.WishListUpdatedTest/&lt;Successfull_WishList_Updated&gt;d__6</FullName>
          <Methods>
            <Method visited="false" cyclomaticComplexity="1" nPathComplexity="0" sequenceCoverage="0" branchCoverage="0" crapScore="2" isConstructor="true" isStatic="false" isGetter="false" isSetter="false">
              <Summary numSequencePoints="0" visitedSequencePoints="0" numBranchPoints="0" visitedBranchPoints="0" sequenceCoverage="0" branchCoverage="0" maxCyclomaticComplexity="1" minCyclomaticComplexity="1" maxCrapScore="2" minCrapScore="2" visitedClasses="0" numClasses="0" visitedMethods="0" numMethods="0" />
              <MetadataToken>100663359</MetadataToken>
              <Name>System.Void Order.API.IntegrationTest.OrderTest.WishListUpdatedTest/&lt;Successfull_WishList_Updated&gt;d__6::.ctor()</Name>
              <SequencePoints />
              <BranchPoints />
              <MethodPoint vc="0" uspid="127" ordinal="0" offset="0" />
            </Method>
            <Method visited="true" cyclomaticComplexity="6" nPathComplexity="8" sequenceCoverage="100" branchCoverage="57.14" crapScore="6" isConstructor="false" isStatic="false" isGetter="false" isSetter="false">
              <Summary numSequencePoints="4" visitedSequencePoints="4" numBranchPoints="7" visitedBranchPoints="4" sequenceCoverage="100" branchCoverage="57.14" maxCyclomaticComplexity="6" minCyclomaticComplexity="6" maxCrapScore="6" minCrapScore="6" visitedClasses="0" numClasses="0" visitedMethods="1" numMethods="1" />
              <MetadataToken>100663360</MetadataToken>
              <Name>System.Void Order.API.IntegrationTest.OrderTest.WishListUpdatedTest/&lt;Successfull_WishList_Updated&gt;d__6::MoveNext()</Name>
              <FileRef uid="13" />
              <SequencePoints>
                <SequencePoint vc="1" uspid="128" ordinal="0" offset="14" sl="45" sc="9" el="45" ec="10" bec="0" bev="0" fileid="13" />
                <SequencePoint vc="1" uspid="129" ordinal="1" offset="15" sl="46" sc="13" el="46" ec="70" bec="2" bev="1" fileid="13" />
                <SequencePoint vc="1" uspid="130" ordinal="2" offset="150" sl="47" sc="13" el="47" ec="130" bec="4" bev="2" fileid="13" />
                <SequencePoint vc="1" uspid="131" ordinal="3" offset="233" sl="48" sc="13" el="48" ec="53" bec="0" bev="0" fileid="13" />
              </SequencePoints>
              <BranchPoints>
                <BranchPoint vc="1" uspid="133" ordinal="0" offset="49" sl="46" path="0" offsetend="51" fileid="13" />
                <BranchPoint vc="0" uspid="134" ordinal="1" offset="49" sl="46" path="1" offsetend="118" fileid="13" />
                <BranchPoint vc="0" uspid="135" ordinal="2" offset="162" sl="47" path="0" offsetend="164" fileid="13" />
                <BranchPoint vc="1" uspid="136" ordinal="3" offset="162" sl="47" path="1" offsetend="171" fileid="13" />
                <BranchPoint vc="1" uspid="137" ordinal="4" offset="193" sl="47" path="0" offsetend="195" fileid="13" />
                <BranchPoint vc="0" uspid="138" ordinal="5" offset="193" sl="47" path="1" offsetend="218" fileid="13" />
              </BranchPoints>
              <MethodPoint vc="2" uspid="139" ordinal="0" offset="0" />
            </Method>
            <Method visited="false" cyclomaticComplexity="1" nPathComplexity="0" sequenceCoverage="0" branchCoverage="0" crapScore="2" isConstructor="false" isStatic="false" isGetter="false" isSetter="false">
              <Summary numSequencePoints="0" visitedSequencePoints="0" numBranchPoints="0" visitedBranchPoints="0" sequenceCoverage="0" branchCoverage="0" maxCyclomaticComplexity="1" minCyclomaticComplexity="1" maxCrapScore="2" minCrapScore="2" visitedClasses="0" numClasses="0" visitedMethods="0" numMethods="0" />
              <MetadataToken>100663361</MetadataToken>
              <Name>System.Void Order.API.IntegrationTest.OrderTest.WishListUpdatedTest/&lt;Successfull_WishList_Updated&gt;d__6::SetStateMachine(System.Runtime.CompilerServices.IAsyncStateMachine)</Name>
              <SequencePoints />
              <BranchPoints />
              <MethodPoint vc="0" uspid="140" ordinal="0" offset="0" />
            </Method>
          </Methods>
        </Class>
        <Class>
          <Summary numSequencePoints="15" visitedSequencePoints="15" numBranchPoints="4" visitedBranchPoints="4" sequenceCoverage="100" branchCoverage="100" maxCyclomaticComplexity="1" minCyclomaticComplexity="1" maxCrapScore="2" minCrapScore="1" visitedClasses="1" numClasses="1" visitedMethods="4" numMethods="4" />
          <FullName>Order.API.IntegrationTest.OrderDetailTest.WishListDetailAddTest</FullName>
          <Methods>
            <Method visited="true" cyclomaticComplexity="1" nPathComplexity="0" sequenceCoverage="100" branchCoverage="100" crapScore="1" isConstructor="false" isStatic="false" isGetter="true" isSetter="false">
              <Summary numSequencePoints="1" visitedSequencePoints="1" numBranchPoints="1" visitedBranchPoints="1" sequenceCoverage="100" branchCoverage="100" maxCyclomaticComplexity="1" minCyclomaticComplexity="1" maxCrapScore="1" minCrapScore="1" visitedClasses="0" numClasses="0" visitedMethods="1" numMethods="1" />
              <MetadataToken>100663319</MetadataToken>
              <Name>Order.API.Shared.Entities.Request.WishListDetailRequest Order.API.IntegrationTest.OrderDetailTest.WishListDetailAddTest::get_GetWishListDetailRequest()</Name>
              <FileRef uid="16" />
              <SequencePoints>
                <SequencePoint vc="1" uspid="141" ordinal="0" offset="0" sl="23" sc="66" el="34" ec="10" bec="0" bev="0" fileid="16" />
              </SequencePoints>
              <BranchPoints />
              <MethodPoint xsi:type="SequencePoint" vc="1" uspid="141" ordinal="0" offset="0" sl="23" sc="66" el="34" ec="10" bec="0" bev="0" fileid="16" />
            </Method>
            <Method visited="true" cyclomaticComplexity="1" nPathComplexity="0" sequenceCoverage="100" branchCoverage="100" crapScore="1" isConstructor="false" isStatic="false" isGetter="false" isSetter="false">
              <Summary numSequencePoints="7" visitedSequencePoints="7" numBranchPoints="1" visitedBranchPoints="1" sequenceCoverage="100" branchCoverage="100" maxCyclomaticComplexity="1" minCyclomaticComplexity="1" maxCrapScore="1" minCrapScore="1" visitedClasses="0" numClasses="0" visitedMethods="1" numMethods="1" />
              <MetadataToken>100663320</MetadataToken>
              <Name>System.Void Order.API.IntegrationTest.OrderDetailTest.WishListDetailAddTest::Initialize()</Name>
              <FileRef uid="16" />
              <SequencePoints>
                <SequencePoint vc="1" uspid="142" ordinal="0" offset="0" sl="44" sc="9" el="44" ec="10" bec="0" bev="0" fileid="16" />
                <SequencePoint vc="1" uspid="143" ordinal="1" offset="1" sl="45" sc="13" el="45" ec="59" bec="0" bev="0" fileid="16" />
                <SequencePoint vc="1" uspid="144" ordinal="2" offset="7" sl="46" sc="13" el="46" ec="61" bec="0" bev="0" fileid="16" />
                <SequencePoint vc="1" uspid="145" ordinal="3" offset="19" sl="47" sc="13" el="47" ec="63" bec="0" bev="0" fileid="16" />
                <SequencePoint vc="1" uspid="146" ordinal="4" offset="31" sl="48" sc="13" el="48" ec="75" bec="0" bev="0" fileid="16" />
                <SequencePoint vc="1" uspid="147" ordinal="5" offset="43" sl="49" sc="13" el="49" ec="108" bec="0" bev="0" fileid="16" />
                <SequencePoint vc="1" uspid="148" ordinal="6" offset="72" sl="50" sc="9" el="50" ec="10" bec="0" bev="0" fileid="16" />
              </SequencePoints>
              <BranchPoints />
              <MethodPoint xsi:type="SequencePoint" vc="1" uspid="142" ordinal="0" offset="0" sl="44" sc="9" el="44" ec="10" bec="0" bev="0" fileid="16" />
            </Method>
            <Method visited="false" cyclomaticComplexity="1" nPathComplexity="0" sequenceCoverage="0" branchCoverage="0" crapScore="2" isConstructor="false" isStatic="false" isGetter="false" isSetter="false">
              <Summary numSequencePoints="0" visitedSequencePoints="0" numBranchPoints="0" visitedBranchPoints="0" sequenceCoverage="0" branchCoverage="0" maxCyclomaticComplexity="1" minCyclomaticComplexity="1" maxCrapScore="2" minCrapScore="2" visitedClasses="0" numClasses="0" visitedMethods="0" numMethods="0" />
              <MetadataToken>100663321</MetadataToken>
              <Name>System.Threading.Tasks.Task Order.API.IntegrationTest.OrderDetailTest.WishListDetailAddTest::Successfull_WishListDetail_Add()</Name>
              <SequencePoints />
              <BranchPoints />
              <MethodPoint vc="0" uspid="149" ordinal="0" offset="0" />
            </Method>
            <Method visited="true" cyclomaticComplexity="1" nPathComplexity="0" sequenceCoverage="100" branchCoverage="100" crapScore="1" isConstructor="false" isStatic="true" isGetter="false" isSetter="false">
              <Summary numSequencePoints="6" visitedSequencePoints="6" numBranchPoints="1" visitedBranchPoints="1" sequenceCoverage="100" branchCoverage="100" maxCyclomaticComplexity="1" minCyclomaticComplexity="1" maxCrapScore="1" minCrapScore="1" visitedClasses="0" numClasses="0" visitedMethods="1" numMethods="1" />
              <MetadataToken>100663322</MetadataToken>
              <Name>System.String Order.API.IntegrationTest.OrderDetailTest.WishListDetailAddTest::GetExternalIdentifier()</Name>
              <FileRef uid="16" />
              <SequencePoints>
                <SequencePoint vc="1" uspid="150" ordinal="0" offset="0" sl="61" sc="9" el="61" ec="10" bec="0" bev="0" fileid="16" />
                <SequencePoint vc="1" uspid="151" ordinal="1" offset="1" sl="62" sc="13" el="62" ec="42" bec="0" bev="0" fileid="16" />
                <SequencePoint vc="1" uspid="152" ordinal="2" offset="7" sl="63" sc="13" el="63" ec="51" bec="0" bev="0" fileid="16" />
                <SequencePoint vc="1" uspid="153" ordinal="3" offset="20" sl="64" sc="13" el="64" ec="54" bec="0" bev="0" fileid="16" />
                <SequencePoint vc="1" uspid="154" ordinal="4" offset="37" sl="65" sc="13" el="65" ec="54" bec="0" bev="0" fileid="16" />
                <SequencePoint vc="1" uspid="155" ordinal="5" offset="62" sl="66" sc="9" el="66" ec="10" bec="0" bev="0" fileid="16" />
              </SequencePoints>
              <BranchPoints />
              <MethodPoint xsi:type="SequencePoint" vc="1" uspid="150" ordinal="0" offset="0" sl="61" sc="9" el="61" ec="10" bec="0" bev="0" fileid="16" />
            </Method>
            <Method visited="true" cyclomaticComplexity="1" nPathComplexity="0" sequenceCoverage="100" branchCoverage="100" crapScore="1" isConstructor="true" isStatic="false" isGetter="false" isSetter="false">
              <Summary numSequencePoints="1" visitedSequencePoints="1" numBranchPoints="1" visitedBranchPoints="1" sequenceCoverage="100" branchCoverage="100" maxCyclomaticComplexity="1" minCyclomaticComplexity="1" maxCrapScore="1" minCrapScore="1" visitedClasses="0" numClasses="0" visitedMethods="1" numMethods="1" />
              <MetadataToken>100663323</MetadataToken>
              <Name>System.Void Order.API.IntegrationTest.OrderDetailTest.WishListDetailAddTest::.ctor()</Name>
              <FileRef uid="16" />
              <SequencePoints>
                <SequencePoint vc="1" uspid="156" ordinal="0" offset="0" sl="36" sc="9" el="39" ec="11" bec="0" bev="0" fileid="16" />
              </SequencePoints>
              <BranchPoints />
              <MethodPoint xsi:type="SequencePoint" vc="1" uspid="156" ordinal="0" offset="0" sl="36" sc="9" el="39" ec="11" bec="0" bev="0" fileid="16" />
            </Method>
          </Methods>
        </Class>
        <Class>
          <Summary numSequencePoints="1" visitedSequencePoints="0" numBranchPoints="1" visitedBranchPoints="0" sequenceCoverage="0" branchCoverage="0" maxCyclomaticComplexity="1" minCyclomaticComplexity="1" maxCrapScore="2" minCrapScore="2" visitedClasses="0" numClasses="1" visitedMethods="0" numMethods="1" />
[...]
              <BranchPoints>
                <BranchPoint vc="1" uspid="1902" ordinal="0" offset="6" sl="52" path="0" offsetend="8" fileid="179" />
                <BranchPoint vc="0" uspid="1903" ordinal="1" offset="6" sl="52" path="1" offsetend="23" fileid="179" />
              </BranchPoints>
              <MethodPoint xsi:type="SequencePoint" vc="1" uspid="1901" ordinal="0" offset="0" sl="52" sc="50" el="52" ec="114" bec="2" bev="1" fileid="179" />
            </Method>
            <Method visited="true" cyclomaticComplexity="1" nPathComplexity="0" sequenceCoverage="100" branchCoverage="100" crapScore="1" isConstructor="false" isStatic="false" isGetter="false" isSetter="false">
              <Summary numSequencePoints="1" visitedSequencePoints="1" numBranchPoints="1" visitedBranchPoints="1" sequenceCoverage="100" branchCoverage="100" maxCyclomaticComplexity="1" minCyclomaticComplexity="1" maxCrapScore="1" minCrapScore="1" visitedClasses="0" numClasses="0" visitedMethods="1" numMethods="1" />
              <MetadataToken>100663474</MetadataToken>
              <Name>System.Int32 Order.API.Business.OrdersDetail.WishListDetailUpdatedHandler/&lt;&gt;c::&lt;ValidateProductExists&gt;b__5_0(Order.API.Shared.Entities.BookDTO)</Name>
              <FileRef uid="179" />
              <SequencePoints>
                <SequencePoint vc="1" uspid="1904" ordinal="0" offset="0" sl="79" sc="125" el="79" ec="137" bec="0" bev="0" fileid="179" />
              </SequencePoints>
              <BranchPoints />
              <MethodPoint xsi:type="SequencePoint" vc="1" uspid="1904" ordinal="0" offset="0" sl="79" sc="125" el="79" ec="137" bec="0" bev="0" fileid="179" />
            </Method>
            <Method visited="false" cyclomaticComplexity="1" nPathComplexity="0" sequenceCoverage="0" branchCoverage="0" crapScore="2" isConstructor="false" isStatic="false" isGetter="false" isSetter="false">
              <Summary numSequencePoints="1" visitedSequencePoints="0" numBranchPoints="1" visitedBranchPoints="0" sequenceCoverage="0" branchCoverage="0" maxCyclomaticComplexity="1" minCyclomaticComplexity="1" maxCrapScore="2" minCrapScore="2" visitedClasses="0" numClasses="0" visitedMethods="0" numMethods="1" />
              <MetadataToken>100663475</MetadataToken>
              <Name>System.Int32 Order.API.Business.OrdersDetail.WishListDetailUpdatedHandler/&lt;&gt;c::&lt;ValidateProductExists&gt;b__5_2(Order.API.Shared.Entities.BookDTO)</Name>
              <FileRef uid="179" />
              <SequencePoints>
                <SequencePoint vc="0" uspid="1905" ordinal="0" offset="0" sl="90" sc="113" el="90" ec="125" bec="0" bev="0" fileid="179" />
              </SequencePoints>
              <BranchPoints />
              <MethodPoint xsi:type="SequencePoint" vc="0" uspid="1905" ordinal="0" offset="0" sl="90" sc="113" el="90" ec="125" bec="0" bev="0" fileid="179" />
            </Method>
            <Method visited="true" cyclomaticComplexity="1" nPathComplexity="0" sequenceCoverage="100" branchCoverage="100" crapScore="1" isConstructor="false" isStatic="false" isGetter="false" isSetter="false">
              <Summary numSequencePoints="1" visitedSequencePoints="1" numBranchPoints="1" visitedBranchPoints="1" sequenceCoverage="100" branchCoverage="100" maxCyclomaticComplexity="1" minCyclomaticComplexity="1" maxCrapScore="1" minCrapScore="1" visitedClasses="0" numClasses="0" visitedMethods="1" numMethods="1" />
              <MetadataToken>100663476</MetadataToken>
              <Name>System.Int32 Order.API.Business.OrdersDetail.WishListDetailUpdatedHandler/&lt;&gt;c::&lt;GetMatchElements&gt;b__6_0(Order.API.Shared.Entities.BookDTO)</Name>
              <FileRef uid="179" />
              <SequencePoints>
                <SequencePoint vc="3" uspid="1906" ordinal="0" offset="0" sl="99" sc="33" el="99" ec="56" bec="0" bev="0" fileid="179" />
              </SequencePoints>
              <BranchPoints />
              <MethodPoint xsi:type="SequencePoint" vc="3" uspid="1906" ordinal="0" offset="0" sl="99" sc="33" el="99" ec="56" bec="0" bev="0" fileid="179" />
            </Method>
            <Method visited="true" cyclomaticComplexity="1" nPathComplexity="0" sequenceCoverage="100" branchCoverage="100" crapScore="1" isConstructor="false" isStatic="false" isGetter="false" isSetter="false">
              <Summary numSequencePoints="1" visitedSequencePoints="1" numBranchPoints="1" visitedBranchPoints="1" sequenceCoverage="100" branchCoverage="100" maxCyclomaticComplexity="1" minCyclomaticComplexity="1" maxCrapScore="1" minCrapScore="1" visitedClasses="0" numClasses="0" visitedMethods="1" numMethods="1" />
              <MetadataToken>100663477</MetadataToken>
              <Name>System.Int32 Order.API.Business.OrdersDetail.WishListDetailUpdatedHandler/&lt;&gt;c::&lt;GetMatchElements&gt;b__6_1(Order.API.Shared.Entities.BookDTO)</Name>
              <FileRef uid="179" />
              <SequencePoints>
                <SequencePoint vc="1" uspid="1907" ordinal="0" offset="0" sl="100" sc="38" el="100" ec="66" bec="0" bev="0" fileid="179" />
              </SequencePoints>
              <BranchPoints />
              <MethodPoint xsi:type="SequencePoint" vc="1" uspid="1907" ordinal="0" offset="0" sl="100" sc="38" el="100" ec="66" bec="0" bev="0" fileid="179" />
            </Method>
            <Method visited="false" cyclomaticComplexity="1" nPathComplexity="0" sequenceCoverage="0" branchCoverage="0" crapScore="2" isConstructor="false" isStatic="false" isGetter="false" isSetter="false">
              <Summary numSequencePoints="1" visitedSequencePoints="0" numBranchPoints="1" visitedBranchPoints="0" sequenceCoverage="0" branchCoverage="0" maxCyclomaticComplexity="1" minCyclomaticComplexity="1" maxCrapScore="2" minCrapScore="2" visitedClasses="0" numClasses="0" visitedMethods="0" numMethods="1" />
              <MetadataToken>100663478</MetadataToken>
              <Name>Order.API.Shared.Entities.Parent.ProductDTO Order.API.Business.OrdersDetail.WishListDetailUpdatedHandler/&lt;&gt;c::&lt;GetMatchElements&gt;b__6_2(Order.API.Shared.Entities.BookDTO,Order.API.Shared.Entities.BookDTO)</Name>
              <FileRef uid="179" />
              <SequencePoints>
                <SequencePoint vc="0" uspid="1908" ordinal="0" offset="0" sl="101" sc="48" el="104" ec="18" bec="0" bev="0" fileid="179" />
              </SequencePoints>
              <BranchPoints />
              <MethodPoint xsi:type="SequencePoint" vc="0" uspid="1908" ordinal="0" offset="0" sl="101" sc="48" el="104" ec="18" bec="0" bev="0" fileid="179" />
            </Method>
          </Methods>
        </Class>
        <Class>
          <Summary numSequencePoints="1" visitedSequencePoints="0" numBranchPoints="1" visitedBranchPoints="0" sequenceCoverage="0" branchCoverage="0" maxCyclomaticComplexity="1" minCyclomaticComplexity="1" maxCrapScore="2" minCrapScore="2" visitedClasses="0" numClasses="1" visitedMethods="0" numMethods="1" />
          <FullName>Order.API.Business.OrdersDetail.WishListDetailUpdatedHandler/&lt;&gt;c__DisplayClass5_0</FullName>
          <Methods>
            <Method visited="false" cyclomaticComplexity="1" nPathComplexity="0" sequenceCoverage="0" branchCoverage="0" crapScore="2" isConstructor="true" isStatic="false" isGetter="false" isSetter="false">
              <Summary numSequencePoints="0" visitedSequencePoints="0" numBranchPoints="0" visitedBranchPoints="0" sequenceCoverage="0" branchCoverage="0" maxCyclomaticComplexity="1" minCyclomaticComplexity="1" maxCrapScore="2" minCrapScore="2" visitedClasses="0" numClasses="0" visitedMethods="0" numMethods="0" />
              <MetadataToken>100663479</MetadataToken>
              <Name>System.Void Order.API.Business.OrdersDetail.WishListDetailUpdatedHandler/&lt;&gt;c__DisplayClass5_0::.ctor()</Name>
              <SequencePoints />
              <BranchPoints />
              <MethodPoint vc="0" uspid="1909" ordinal="0" offset="0" />
            </Method>
            <Method visited="false" cyclomaticComplexity="1" nPathComplexity="0" sequenceCoverage="0" branchCoverage="0" crapScore="2" isConstructor="false" isStatic="false" isGetter="false" isSetter="false">
              <Summary numSequencePoints="1" visitedSequencePoints="0" numBranchPoints="1" visitedBranchPoints="0" sequenceCoverage="0" branchCoverage="0" maxCyclomaticComplexity="1" minCyclomaticComplexity="1" maxCrapScore="2" minCrapScore="2" visitedClasses="0" numClasses="0" visitedMethods="0" numMethods="1" />
              <MetadataToken>100663480</MetadataToken>
              <Name>System.Boolean Order.API.Business.OrdersDetail.WishListDetailUpdatedHandler/&lt;&gt;c__DisplayClass5_0::&lt;ValidateProductExists&gt;b__1(Order.API.Shared.Entities.BookDTO)</Name>
              <FileRef uid="179" />
              <SequencePoints>
                <SequencePoint vc="0" uspid="1910" ordinal="0" offset="13" sl="86" sc="74" el="86" ec="131" bec="0" bev="0" fileid="179" />
              </SequencePoints>
              <BranchPoints />
              <MethodPoint vc="0" uspid="1911" ordinal="0" offset="0" />
            </Method>
          </Methods>
        </Class>
        <Class>
          <Summary numSequencePoints="1" visitedSequencePoints="0" numBranchPoints="1" visitedBranchPoints="0" sequenceCoverage="0" branchCoverage="0" maxCyclomaticComplexity="1" minCyclomaticComplexity="1" maxCrapScore="2" minCrapScore="2" visitedClasses="0" numClasses="1" visitedMethods="0" numMethods="1" />
          <FullName>Order.API.Business.OrdersDetail.WishListDetailUpdatedHandler/&lt;&gt;c__DisplayClass5_1</FullName>
          <Methods>
            <Method visited="false" cyclomaticComplexity="1" nPathComplexity="0" sequenceCoverage="0" branchCoverage="0" crapScore="2" isConstructor="true" isStatic="false" isGetter="false" isSetter="false">
              <Summary numSequencePoints="0" visitedSequencePoints="0" numBranchPoints="0" visitedBranchPoints="0" sequenceCoverage="0" branchCoverage="0" maxCyclomaticComplexity="1" minCyclomaticComplexity="1" maxCrapScore="2" minCrapScore="2" visitedClasses="0" numClasses="0" visitedMethods="0" numMethods="0" />
              <MetadataToken>100663481</MetadataToken>
              <Name>System.Void Order.API.Business.OrdersDetail.WishListDetailUpdatedHandler/&lt;&gt;c__DisplayClass5_1::.ctor()</Name>
              <SequencePoints />
              <BranchPoints />
              <MethodPoint vc="0" uspid="1912" ordinal="0" offset="0" />
            </Method>
            <Method visited="false" cyclomaticComplexity="1" nPathComplexity="0" sequenceCoverage="0" branchCoverage="0" crapScore="2" isConstructor="false" isStatic="false" isGetter="false" isSetter="false">
              <Summary numSequencePoints="1" visitedSequencePoints="0" numBranchPoints="1" visitedBranchPoints="0" sequenceCoverage="0" branchCoverage="0" maxCyclomaticComplexity="1" minCyclomaticComplexity="1" maxCrapScore="2" minCrapScore="2" visitedClasses="0" numClasses="0" visitedMethods="0" numMethods="1" />
              <MetadataToken>100663482</MetadataToken>
              <Name>System.Boolean Order.API.Business.OrdersDetail.WishListDetailUpdatedHandler/&lt;&gt;c__DisplayClass5_1::&lt;ValidateProductExists&gt;b__3(Order.API.Shared.Entities.Parent.ProductDTO)</Name>
              <FileRef uid="179" />
              <SequencePoints>
                <SequencePoint vc="0" uspid="1913" ordinal="0" offset="0" sl="86" sc="101" el="86" ec="130" bec="0" bev="0" fileid="179" />
              </SequencePoints>
              <BranchPoints />
              <MethodPoint xsi:type="SequencePoint" vc="0" uspid="1913" ordinal="0" offset="0" sl="86" sc="101" el="86" ec="130" bec="0" bev="0" fileid="179" />
            </Method>
          </Methods>
        </Class>
        <Class>
          <Summary numSequencePoints="18" visitedSequencePoints="9" numBranchPoints="19" visitedBranchPoints="7" sequenceCoverage="50" branchCoverage="36.84" maxCyclomaticComplexity="11" minCyclomaticComplexity="1" maxCrapScore="26.12" minCrapScore="2" visitedClasses="1" numClasses="1" visitedMethods="1" numMethods="1" />
          <FullName>Order.API.Business.OrdersDetail.WishListDetailUpdatedHandler/&lt;ValidateProductExists&gt;d__5</FullName>
          <Methods>
            <Method visited="false" cyclomaticComplexity="1" nPathComplexity="0" sequenceCoverage="0" branchCoverage="0" crapScore="2" isConstructor="true" isStatic="false" isGetter="false" isSetter="false">
              <Summary numSequencePoints="0" visitedSequencePoints="0" numBranchPoints="0" visitedBranchPoints="0" sequenceCoverage="0" branchCoverage="0" maxCyclomaticComplexity="1" minCyclomaticComplexity="1" maxCrapScore="2" minCrapScore="2" visitedClasses="0" numClasses="0" visitedMethods="0" numMethods="0" />
              <MetadataToken>100663483</MetadataToken>
              <Name>System.Void Order.API.Business.OrdersDetail.WishListDetailUpdatedHandler/&lt;ValidateProductExists&gt;d__5::.ctor()</Name>
              <SequencePoints />
              <BranchPoints />
              <MethodPoint vc="0" uspid="1914" ordinal="0" offset="0" />
            </Method>
            <Method visited="true" cyclomaticComplexity="11" nPathComplexity="512" sequenceCoverage="50" branchCoverage="36.84" crapScore="26.12" isConstructor="false" isStatic="false" isGetter="false" isSetter="false">
              <Summary numSequencePoints="18" visitedSequencePoints="9" numBranchPoints="19" visitedBranchPoints="7" sequenceCoverage="50" branchCoverage="36.84" maxCyclomaticComplexity="11" minCyclomaticComplexity="11" maxCrapScore="26.12" minCrapScore="26.12" visitedClasses="0" numClasses="0" visitedMethods="1" numMethods="1" />
              <MetadataToken>100663484</MetadataToken>
              <Name>System.Void Order.API.Business.OrdersDetail.WishListDetailUpdatedHandler/&lt;ValidateProductExists&gt;d__5::MoveNext()</Name>
              <FileRef uid="179" />
              <SequencePoints>
                <SequencePoint vc="1" uspid="1915" ordinal="0" offset="25" sl="55" sc="9" el="55" ec="10" bec="0" bev="0" fileid="179" />
                <SequencePoint vc="1" uspid="1916" ordinal="1" offset="26" sl="56" sc="13" el="56" ec="99" bec="2" bev="1" fileid="179" />
                <SequencePoint vc="1" uspid="1917" ordinal="2" offset="167" sl="57" sc="13" el="57" ec="45" bec="2" bev="1" fileid="179" />
                <SequencePoint vc="0" uspid="1918" ordinal="3" offset="184" sl="58" sc="13" el="58" ec="14" bec="0" bev="0" fileid="179" />
                <SequencePoint vc="0" uspid="1919" ordinal="4" offset="185" sl="59" sc="17" el="59" ec="60" bec="0" bev="0" fileid="179" />
                <SequencePoint vc="1" uspid="1920" ordinal="5" offset="202" sl="62" sc="13" el="62" ec="87" bec="4" bev="2" fileid="179" />
                <SequencePoint vc="0" uspid="1921" ordinal="6" offset="243" sl="63" sc="13" el="63" ec="14" bec="0" bev="0" fileid="179" />
                <SequencePoint vc="0" uspid="1922" ordinal="7" offset="244" sl="64" sc="17" el="69" ec="22" bec="0" bev="0" fileid="179" />
                <SequencePoint vc="1" uspid="1923" ordinal="8" offset="271" sl="72" sc="13" el="72" ec="106" bec="0" bev="0" fileid="179" />
                <SequencePoint vc="1" uspid="1924" ordinal="9" offset="320" sl="74" sc="13" el="74" ec="39" bec="2" bev="1" fileid="179" />
                <SequencePoint vc="1" uspid="1925" ordinal="10" offset="345" sl="75" sc="13" el="75" ec="14" bec="0" bev="0" fileid="179" />
                <SequencePoint vc="1" uspid="1926" ordinal="11" offset="346" sl="76" sc="16" el="81" ec="23" bec="2" bev="1" fileid="179" />
                <SequencePoint vc="0" uspid="1927" ordinal="12" offset="440" sl="84" sc="13" el="84" ec="103" bec="4" bev="0" fileid="179" />
                <SequencePoint vc="0" uspid="1928" ordinal="13" offset="509" sl="85" sc="13" el="85" ec="14" bec="0" bev="0" fileid="179" />
                <SequencePoint vc="0" uspid="1929" ordinal="14" offset="510" sl="86" sc="17" el="86" ec="133" bec="0" bev="0" fileid="179" />
                <SequencePoint vc="0" uspid="1930" ordinal="15" offset="554" sl="87" sc="17" el="92" ec="23" bec="2" bev="0" fileid="179" />
                <SequencePoint vc="0" uspid="1931" ordinal="16" offset="635" sl="94" sc="13" el="94" ec="49" bec="0" bev="0" fileid="179" />
                <SequencePoint vc="1" uspid="1932" ordinal="17" offset="685" sl="95" sc="9" el="95" ec="10" bec="0" bev="0" fileid="179" />
              </SequencePoints>
              <BranchPoints>
                <BranchPoint vc="1" uspid="1933" ordinal="0" offset="66" sl="56" path="0" offsetend="68" fileid="179" />
                <BranchPoint vc="0" uspid="1934" ordinal="1" offset="66" sl="56" path="1" offsetend="135" fileid="179" />
                <BranchPoint vc="0" uspid="1935" ordinal="2" offset="182" sl="57" path="0" offsetend="184" fileid="179" />
                <BranchPoint vc="1" uspid="1936" ordinal="3" offset="182" sl="57" path="1" offsetend="202" fileid="179" />
                <BranchPoint vc="1" uspid="1937" ordinal="4" offset="213" sl="62" path="0" offsetend="215" fileid="179" />
                <BranchPoint vc="0" uspid="1938" ordinal="5" offset="213" sl="62" path="1" offsetend="236" fileid="179" />
                <BranchPoint vc="0" uspid="1939" ordinal="6" offset="241" sl="62" path="0" offsetend="243" fileid="179" />
                <BranchPoint vc="1" uspid="1940" ordinal="7" offset="241" sl="62" path="1" offsetend="271" fileid="179" />
                <BranchPoint vc="1" uspid="1941" ordinal="8" offset="343" sl="74" path="0" offsetend="345" fileid="179" />
                <BranchPoint vc="0" uspid="1942" ordinal="9" offset="343" sl="74" path="1" offsetend="440" fileid="179" />
                <BranchPoint vc="1" uspid="1943" ordinal="10" offset="383" sl="76" path="0" offsetend="385" fileid="179" />
                <BranchPoint vc="0" uspid="1944" ordinal="11" offset="383" sl="76" path="1" offsetend="408" fileid="179" />
                <BranchPoint vc="0" uspid="1945" ordinal="12" offset="456" sl="84" path="0" offsetend="458" fileid="179" />
                <BranchPoint vc="0" uspid="1946" ordinal="13" offset="456" sl="84" path="1" offsetend="502" fileid="179" />
                <BranchPoint vc="0" uspid="1947" ordinal="14" offset="507" sl="84" path="0" offsetend="509" fileid="179" />
                <BranchPoint vc="0" uspid="1948" ordinal="15" offset="507" sl="84" path="1" offsetend="635" fileid="179" />
                <BranchPoint vc="0" uspid="1949" ordinal="16" offset="581" sl="87" path="0" offsetend="583" fileid="179" />
                <BranchPoint vc="0" uspid="1950" ordinal="17" offset="581" sl="87" path="1" offsetend="606" fileid="179" />
              </BranchPoints>
              <MethodPoint vc="2" uspid="1951" ordinal="0" offset="0" />
            </Method>
            <Method visited="false" cyclomaticComplexity="1" nPathComplexity="0" sequenceCoverage="0" branchCoverage="0" crapScore="2" isConstructor="false" isStatic="false" isGetter="false" isSetter="false">
              <Summary numSequencePoints="0" visitedSequencePoints="0" numBranchPoints="0" visitedBranchPoints="0" sequenceCoverage="0" branchCoverage="0" maxCyclomaticComplexity="1" minCyclomaticComplexity="1" maxCrapScore="2" minCrapScore="2" visitedClasses="0" numClasses="0" visitedMethods="0" numMethods="0" />
              <MetadataToken>100663485</MetadataToken>
              <Name>System.Void Order.API.Business.OrdersDetail.WishListDetailUpdatedHandler/&lt;ValidateProductExists&gt;d__5::SetStateMachine(System.Runtime.CompilerServices.IAsyncStateMachine)</Name>
              <SequencePoints />
              <BranchPoints />
              <MethodPoint vc="0" uspid="1952" ordinal="0" offset="0" />
            </Method>
          </Methods>
        </Class>
      </Classes>
    </Module>
  </Modules>
</CoverageSession>