<?xml version="1.0" encoding="utf-8"?>
<!DOCTYPE coverage SYSTEM "http://cobertura.sourceforge.net/xml/coverage-04.dtd">
<coverage line-rate="0.392394413595827" branch-rate="0.23883161512027493" lines-covered="2332" lines-valid="5943" branches-covered="695" branches-valid="2910" complexity="2711" version="0" timestamp="1639137839">
  <sources />
  <packages>
    <package name="Moq" line-rate="0.1359271115488796" branch-rate="0.08139534883720931" complexity="1803">
      <classes>
        <class name="Moq.ActionObserver" filename="C:\projects\moq4\src\Moq\ActionObserver.cs" line-rate="1" branch-rate="1" complexity="NaN">
          <methods>
            <method name="ReconstructExpression" signature="(System.Action`1&lt;T&gt;,System.Object[])" line-rate="1" branch-rate="1" complexity="NaN">
              <lines />
            </method>
            <method name="CreateProxy" signature="(System.Type,System.Object[],Moq.MatcherObserver,Moq.ActionObserver/Recorder&amp;)" line-rate="1" branch-rate="1" complexity="NaN">
              <lines />
            </method>
            <method name="Invocation" signature="()" line-rate="1" branch-rate="1" complexity="NaN">
              <lines />
            </method>
            <method name="Matches" signature="()" line-rate="1" branch-rate="1" complexity="NaN">
              <lines />
            </method>
            <method name="Next" signature="()" line-rate="1" branch-rate="1" complexity="NaN">
              <lines />
            </method>
            <method name=".ctor" signature="(Moq.MatcherObserver)" line-rate="1" branch-rate="1" complexity="NaN">
              <lines />
            </method>
            <method name="Intercept" signature="(Moq.Invocation)" line-rate="1" branch-rate="1" complexity="NaN">
              <lines />
            </method>
          </methods>
          <lines />
        </class>
        <class name="Moq.AsInterface`1" filename="C:\projects\moq4\src\Moq\AsInterface.cs" line-rate="1" branch-rate="1" complexity="3">
          <methods>
            <method name="AdditionalInterfaces" signature="()" line-rate="1" branch-rate="1" complexity="NaN">
              <lines />
            </method>
            <method name="ConfiguredDefaultValues" signature="()" line-rate="1" branch-rate="1" complexity="NaN">
              <lines />
            </method>
            <method name="ConstructorArguments" signature="()" line-rate="1" branch-rate="1" complexity="NaN">
              <lines />
            </method>
            <method name="MutableInvocations" signature="()" line-rate="1" branch-rate="1" complexity="NaN">
              <lines />
            </method>
            <method name="IsObjectInitialized" signature="()" line-rate="1" branch-rate="1" complexity="NaN">
              <lines />
            </method>
            <method name="MockedType" signature="()" line-rate="1" branch-rate="1" complexity="NaN">
              <lines />
            </method>
            <method name="Behavior" signature="()" line-rate="1" branch-rate="1" complexity="NaN">
              <lines />
            </method>
            <method name="CallBase" signature="()" line-rate="1" branch-rate="1" complexity="NaN">
              <lines />
            </method>
            <method name="CallBase" signature="(System.Boolean)" line-rate="1" branch-rate="1" complexity="NaN">
              <lines />
            </method>
            <method name="DefaultValueProvider" signature="()" line-rate="1" branch-rate="1" complexity="NaN">
              <lines />
            </method>
            <method name="DefaultValueProvider" signature="(Moq.DefaultValueProvider)" line-rate="1" branch-rate="1" complexity="NaN">
              <lines />
            </method>
            <method name="AutoSetupPropertiesDefaultValueProvider" signature="()" line-rate="1" branch-rate="1" complexity="NaN">
              <lines />
            </method>
            <method name="AutoSetupPropertiesDefaultValueProvider" signature="(Moq.DefaultValueProvider)" line-rate="1" branch-rate="1" complexity="NaN">
              <lines />
            </method>
            <method name="EventHandlers" signature="()" line-rate="1" branch-rate="1" complexity="NaN">
              <lines />
            </method>
            <method name="InheritedInterfaces" signature="()" line-rate="1" branch-rate="1" complexity="NaN">
              <lines />
            </method>
            <method name="Object" signature="()" line-rate="1" branch-rate="1" complexity="NaN">
              <lines />
            </method>
            <method name="MutableSetups" signature="()" line-rate="1" branch-rate="1" complexity="NaN">
              <lines />
            </method>
            <method name="Switches" signature="()" line-rate="1" branch-rate="1" complexity="NaN">
              <lines />
            </method>
            <method name="Switches" signature="(Moq.Switches)" line-rate="1" branch-rate="1" complexity="NaN">
              <lines />
            </method>
            <method name=".ctor" signature="(Moq.Mock)" line-rate="1" branch-rate="1" complexity="NaN">
              <lines />
            </method>
            <method name="As" signature="()" line-rate="1" branch-rate="1" complexity="1">
              <lines />
            </method>
            <method name="OnGetObject" signature="()" line-rate="1" branch-rate="1" complexity="1">
              <lines />
            </method>
            <method name="ToString" signature="()" line-rate="1" branch-rate="1" complexity="1">
              <lines />
            </method>
          </methods>
          <lines />
        </class>
        <class name="Moq.AutoImplementedPropertyGetterSetup" filename="C:\projects\moq4\src\Moq\AutoImplementedPropertyGetterSetup.cs" line-rate="1" branch-rate="1" complexity="1">
          <methods>
            <method name=".ctor" signature="(Moq.Mock,System.Linq.Expressions.LambdaExpression,System.Reflection.MethodInfo,System.Func`1&lt;System.Object&gt;)" line-rate="1" branch-rate="1" complexity="NaN">
              <lines />
            </method>
            <method name="ExecuteCore" signature="(Moq.Invocation)" line-rate="1" branch-rate="1" complexity="NaN">
              <lines />
            </method>
            <method name="TryGetReturnValue" signature="(System.Object&amp;)" line-rate="1" branch-rate="1" complexity="NaN">
              <lines />
            </method>
            <method name="TryVerifySelf" signature="(Moq.MockException&amp;)" line-rate="1" branch-rate="1" complexity="NaN">
              <lines />
            </method>
            <method name=".cctor" signature="()" line-rate="1" branch-rate="1" complexity="1">
              <lines />
            </method>
          </methods>
          <lines />
        </class>
        <class name="Moq.AutoImplementedPropertySetterSetup" filename="C:\projects\moq4\src\Moq\AutoImplementedPropertySetterSetup.cs" line-rate="1" branch-rate="1" complexity="NaN">
          <methods>
            <method name=".ctor" signature="(Moq.Mock,System.Linq.Expressions.LambdaExpression,System.Reflection.MethodInfo,System.Action`1&lt;System.Object&gt;)" line-rate="1" branch-rate="1" complexity="NaN">
              <lines />
            </method>
            <method name="ExecuteCore" signature="(Moq.Invocation)" line-rate="1" branch-rate="1" complexity="NaN">
              <lines />
            </method>
            <method name="TryVerifySelf" signature="(Moq.MockException&amp;)" line-rate="1" branch-rate="1" complexity="NaN">
              <lines />
            </method>
          </methods>
          <lines />
        </class>
        <class name="Moq.Behavior" filename="C:\projects\moq4\src\Moq\Behavior.cs" line-rate="1" branch-rate="1" complexity="1">
          <methods>
            <method name=".ctor" signature="()" line-rate="1" branch-rate="1" complexity="1">
              <lines />
            </method>
          </methods>
          <lines />
        </class>
        <class name="Moq.Behaviors.Callback" filename="C:\projects\moq4\src\Moq\Behaviors\Callback.cs" line-rate="1" branch-rate="1" complexity="NaN">
          <methods>
            <method name=".ctor" signature="(System.Action`1&lt;Moq.IInvocation&gt;)" line-rate="1" branch-rate="1" complexity="NaN">
              <lines />
            </method>
            <method name="Execute" signature="(Moq.Invocation)" line-rate="1" branch-rate="1" complexity="NaN">
              <lines />
            </method>
          </methods>
          <lines />
        </class>
        <class name="Moq.Behaviors.LimitInvocationCount" filename="C:\projects\moq4\src\Moq\Behaviors\LimitInvocationCount.cs" line-rate="1" branch-rate="1" complexity="1">
          <methods>
            <method name=".ctor" signature="(Moq.MethodCall,System.Int32)" line-rate="1" branch-rate="1" complexity="NaN">
              <lines />
            </method>
            <method name="Reset" signature="()" line-rate="1" branch-rate="1" complexity="1">
              <lines />
            </method>
            <method name="Execute" signature="(Moq.Invocation)" line-rate="1" branch-rate="1" complexity="NaN">
              <lines />
            </method>
          </methods>
          <lines />
        </class>
        <class name="Moq.Behaviors.NoOp" filename="C:\projects\moq4\src\Moq\Behaviors\NoOp.cs" line-rate="1" branch-rate="1" complexity="2">
          <methods>
            <method name=".ctor" signature="()" line-rate="1" branch-rate="1" complexity="1">
              <lines />
            </method>
            <method name="Execute" signature="(Moq.Invocation)" line-rate="1" branch-rate="1" complexity="NaN">
              <lines />
            </method>
            <method name=".cctor" signature="()" line-rate="1" branch-rate="1" complexity="1">
              <lines />
            </method>
          </methods>
          <lines />
        </class>
        <class name="Moq.Behaviors.RaiseEvent" filename="C:\projects\moq4\src\Moq\Behaviors\RaiseEvent.cs" line-rate="1" branch-rate="1" complexity="NaN">
          <methods>
            <method name=".ctor" signature="(Moq.Mock,System.Linq.Expressions.LambdaExpression,System.Delegate,System.Object[])" line-rate="1" branch-rate="1" complexity="NaN">
              <lines />
            </method>
            <method name="Execute" signature="(Moq.Invocation)" line-rate="1" branch-rate="1" complexity="NaN">
              <lines />
            </method>
          </methods>
          <lines />
        </class>
        <class name="Moq.Behaviors.ReturnBase" filename="C:\projects\moq4\src\Moq\Behaviors\ReturnBase.cs" line-rate="1" branch-rate="1" complexity="2">
          <methods>
            <method name=".ctor" signature="()" line-rate="1" branch-rate="1" complexity="1">
              <lines />
            </method>
            <method name="Execute" signature="(Moq.Invocation)" line-rate="1" branch-rate="1" complexity="NaN">
              <lines />
            </method>
            <method name=".cctor" signature="()" line-rate="1" branch-rate="1" complexity="1">
              <lines />
            </method>
          </methods>
          <lines />
        </class>
        <class name="Moq.Behaviors.ReturnBaseOrDefaultValue" filename="C:\projects\moq4\src\Moq\Behaviors\ReturnBaseOrDefaultValue.cs" line-rate="1" branch-rate="1" complexity="NaN">
          <methods>
            <method name=".ctor" signature="(Moq.Mock)" line-rate="1" branch-rate="1" complexity="NaN">
              <lines />
            </method>
            <method name="Execute" signature="(Moq.Invocation)" line-rate="1" branch-rate="1" complexity="NaN">
              <lines />
            </method>
          </methods>
          <lines />
        </class>
        <class name="Moq.Behaviors.ReturnComputedValue" filename="C:\projects\moq4\src\Moq\Behaviors\ReturnComputedValue.cs" line-rate="1" branch-rate="1" complexity="NaN">
          <methods>
            <method name=".ctor" signature="(System.Func`2&lt;Moq.IInvocation,System.Object&gt;)" line-rate="1" branch-rate="1" complexity="NaN">
              <lines />
            </method>
            <method name="Execute" signature="(Moq.Invocation)" line-rate="1" branch-rate="1" complexity="NaN">
              <lines />
            </method>
          </methods>
          <lines />
        </class>
        <class name="Moq.Behaviors.ReturnValue" filename="C:\projects\moq4\src\Moq\Behaviors\ReturnValue.cs" line-rate="1" branch-rate="1" complexity="NaN">
          <methods>
            <method name="Value" signature="()" line-rate="1" branch-rate="1" complexity="NaN">
              <lines />
            </method>
            <method name=".ctor" signature="(System.Object)" line-rate="1" branch-rate="1" complexity="NaN">
              <lines />
            </method>
            <method name="Execute" signature="(Moq.Invocation)" line-rate="1" branch-rate="1" complexity="NaN">
              <lines />
            </method>
          </methods>
          <lines />
        </class>
        <class name="Moq.Behaviors.ThrowException" filename="C:\projects\moq4\src\Moq\Behaviors\ThrowException.cs" line-rate="1" branch-rate="1" complexity="NaN">
          <methods>
            <method name=".ctor" signature="(System.Exception)" line-rate="1" branch-rate="1" complexity="NaN">
              <lines />
            </method>
            <method name="Execute" signature="(Moq.Invocation)" line-rate="1" branch-rate="1" complexity="NaN">
              <lines />
            </method>
          </methods>
          <lines />
        </class>
        <class name="Moq.Capture" filename="C:\projects\moq4\src\Moq\Capture.cs" line-rate="1" branch-rate="1" complexity="NaN">
          <methods>
            <method name="In" signature="(System.Collections.Generic.ICollection`1&lt;T&gt;)" line-rate="1" branch-rate="1" complexity="NaN">
              <lines />
            </method>
            <method name="In" signature="(System.Collections.Generic.IList`1&lt;T&gt;,System.Linq.Expressions.Expression`1&lt;System.Func`2&lt;T,System.Boolean&gt;&gt;)" line-rate="1" branch-rate="1" complexity="NaN">
              <lines />
            </method>
            <method name="With" signature="(Moq.CaptureMatch`1&lt;T&gt;)" line-rate="1" branch-rate="1" complexity="NaN">
              <lines />
            </method>
          </methods>
          <lines />
        </class>
        <class name="Moq.CaptureMatch`1" filename="C:\projects\moq4\src\Moq\CaptureMatch.cs" line-rate="1" branch-rate="1" complexity="1">
          <methods>
            <method name=".ctor" signature="(System.Action`1&lt;T&gt;)" line-rate="1" branch-rate="1" complexity="NaN">
              <lines />
            </method>
            <method name=".ctor" signature="(System.Action`1&lt;T&gt;,System.Linq.Expressions.Expression`1&lt;System.Func`2&lt;T,System.Boolean&gt;&gt;)" line-rate="1" branch-rate="1" complexity="NaN">
              <lines />
            </method>
            <method name="BuildCondition" signature="(System.Linq.Expressions.Expression`1&lt;System.Func`2&lt;T,System.Boolean&gt;&gt;)" line-rate="1" branch-rate="1" complexity="NaN">
              <lines />
            </method>
            <method name=".cctor" signature="()" line-rate="1" branch-rate="1" complexity="1">
              <lines />
            </method>
          </methods>
          <lines />
        </class>
        <class name="Moq.CastleProxyFactory" filename="C:\projects\moq4\src\Moq\ProxyFactories\CastleProxyFactory.cs" line-rate="1" branch-rate="1" complexity="4">
          <methods>
            <method name=".ctor" signature="()" line-rate="1" branch-rate="1" complexity="1">
              <lines />
            </method>
            <method name="CreateProxy" signature="(System.Type,Moq.IInterceptor,System.Type[],System.Object[])" line-rate="1" branch-rate="1" complexity="NaN">
              <lines />
            </method>
            <method name="IsMethodVisible" signature="(System.Reflection.MethodInfo,System.String&amp;)" line-rate="1" branch-rate="1" complexity="NaN">
              <lines />
            </method>
            <method name="IsTypeVisible" signature="(System.Type)" line-rate="1" branch-rate="1" complexity="NaN">
              <lines />
            </method>
            <method name=".ctor" signature="(Moq.IInterceptor)" line-rate="1" branch-rate="1" complexity="NaN">
              <lines />
            </method>
            <method name="Intercept" signature="(Castle.DynamicProxy.IInvocation)" line-rate="1" branch-rate="1" complexity="NaN">
              <lines />
            </method>
            <method name=".cctor" signature="()" line-rate="1" branch-rate="1" complexity="1">
              <lines />
            </method>
            <method name=".ctor" signature="(Castle.DynamicProxy.IInvocation)" line-rate="1" branch-rate="1" complexity="NaN">
              <lines />
            </method>
            <method name="CallBase" signature="()" line-rate="1" branch-rate="1" complexity="1">
              <lines />
            </method>
            <method name="DetachFromUnderlying" signature="()" line-rate="1" branch-rate="1" complexity="1">
              <lines />
            </method>
            <method name="ShouldInterceptMethod" signature="(System.Type,System.Reflection.MethodInfo)" line-rate="1" branch-rate="1" complexity="NaN">
              <lines />
            </method>
            <method name="IsRelevantObjectMethod" signature="(System.Reflection.MethodInfo)" line-rate="1" branch-rate="1" complexity="NaN">
              <lines />
            </method>
          </methods>
          <lines />
        </class>
        <class name="Moq.Condition" filename="C:\projects\moq4\src\Moq\Condition.cs" line-rate="1" branch-rate="1" complexity="2">
          <methods>
            <method name="IsTrue" signature="()" line-rate="1" branch-rate="1" complexity="NaN">
              <lines />
            </method>
            <method name=".ctor" signature="(System.Func`1&lt;System.Boolean&gt;,System.Action)" line-rate="1" branch-rate="1" complexity="NaN">
              <lines />
            </method>
            <method name="SetupEvaluatedSuccessfully" signature="()" line-rate="1" branch-rate="1" complexity="2">
              <lines />
            </method>
          </methods>
          <lines />
        </class>
        <class name="Moq.DefaultExpressionCompiler" filename="C:\projects\moq4\src\Moq\DefaultExpressionCompiler.cs" line-rate="1" branch-rate="1" complexity="2">
          <methods>
            <method name=".ctor" signature="()" line-rate="1" branch-rate="1" complexity="1">
              <lines />
            </method>
            <method name="Compile" signature="(System.Linq.Expressions.LambdaExpression)" line-rate="1" branch-rate="1" complexity="NaN">
              <lines />
            </method>
            <method name="Compile" signature="(System.Linq.Expressions.Expression`1&lt;TDelegate&gt;)" line-rate="1" branch-rate="1" complexity="NaN">
              <lines />
            </method>
            <method name=".cctor" signature="()" line-rate="1" branch-rate="1" complexity="1">
              <lines />
            </method>
          </methods>
          <lines />
        </class>
        <class name="Moq.DefaultValueProvider" filename="C:\projects\moq4\src\Moq\DefaultValueProvider.cs" line-rate="1" branch-rate="1" complexity="2">
          <methods>
            <method name="Empty" signature="()" line-rate="1" branch-rate="1" complexity="NaN">
              <lines />
            </method>
            <method name="Mock" signature="()" line-rate="1" branch-rate="1" complexity="NaN">
              <lines />
            </method>
            <method name="Kind" signature="()" line-rate="1" branch-rate="1" complexity="NaN">
              <lines />
            </method>
            <method name=".ctor" signature="()" line-rate="1" branch-rate="1" complexity="1">
              <lines />
            </method>
            <method name="GetDefaultParameterValue" signature="(System.Reflection.ParameterInfo,Moq.Mock)" line-rate="1" branch-rate="1" complexity="NaN">
              <lines />
            </method>
            <method name="GetDefaultReturnValue" signature="(System.Reflection.MethodInfo,Moq.Mock)" line-rate="1" branch-rate="1" complexity="NaN">
              <lines />
            </method>
            <method name=".cctor" signature="()" line-rate="1" branch-rate="1" complexity="1">
              <lines />
            </method>
          </methods>
          <lines />
        </class>
        <class name="Moq.EmptyDefaultValueProvider" filename="C:\projects\moq4\src\Moq\EmptyDefaultValueProvider.cs" line-rate="1" branch-rate="1" complexity="1">
          <methods>
            <method name="Kind" signature="()" line-rate="1" branch-rate="1" complexity="NaN">
              <lines />
            </method>
            <method name=".ctor" signature="()" line-rate="1" branch-rate="1" complexity="1">
              <lines />
            </method>
            <method name="CreateArray" signature="(System.Type,Moq.Mock)" line-rate="1" branch-rate="1" complexity="NaN">
              <lines />
            </method>
            <method name="CreateEnumerable" signature="(System.Type,Moq.Mock)" line-rate="1" branch-rate="1" complexity="NaN">
              <lines />
            </method>
            <method name="CreateEnumerableOf" signature="(System.Type,Moq.Mock)" line-rate="1" branch-rate="1" complexity="NaN">
              <lines />
            </method>
            <method name="CreateQueryable" signature="(System.Type,Moq.Mock)" line-rate="1" branch-rate="1" complexity="NaN">
              <lines />
            </method>
            <method name="CreateQueryableOf" signature="(System.Type,Moq.Mock)" line-rate="1" branch-rate="1" complexity="NaN">
              <lines />
            </method>
          </methods>
          <lines />
        </class>
        <class name="Moq.Evaluator" filename="C:\projects\moq4\src\Moq\Evaluator.cs" line-rate="1" branch-rate="1" complexity="NaN">
          <methods>
            <method name="PartialEval" signature="(System.Linq.Expressions.Expression,System.Func`2&lt;System.Linq.Expressions.Expression,System.Boolean&gt;)" line-rate="1" branch-rate="1" complexity="NaN">
              <lines />
            </method>
            <method name="PartialEval" signature="(System.Linq.Expressions.Expression)" line-rate="1" branch-rate="1" complexity="NaN">
              <lines />
            </method>
            <method name=".ctor" signature="(System.Collections.Generic.HashSet`1&lt;System.Linq.Expressions.Expression&gt;)" line-rate="1" branch-rate="1" complexity="NaN">
              <lines />
            </method>
            <method name="Eval" signature="(System.Linq.Expressions.Expression)" line-rate="1" branch-rate="1" complexity="NaN">
              <lines />
            </method>
            <method name="Visit" signature="(System.Linq.Expressions.Expression)" line-rate="1" branch-rate="1" complexity="NaN">
              <lines />
            </method>
            <method name="Evaluate" signature="(System.Linq.Expressions.Expression)" line-rate="1" branch-rate="1" complexity="NaN">
              <lines />
            </method>
            <method name=".ctor" signature="(System.Func`2&lt;System.Linq.Expressions.Expression,System.Boolean&gt;)" line-rate="1" branch-rate="1" complexity="NaN">
              <lines />
            </method>
            <method name="Nominate" signature="(System.Linq.Expressions.Expression)" line-rate="1" branch-rate="1" complexity="NaN">
              <lines />
            </method>
            <method name="Visit" signature="(System.Linq.Expressions.Expression)" line-rate="1" branch-rate="1" complexity="NaN">
              <lines />
            </method>
          </methods>
          <lines />
        </class>
        <class name="Moq.EventHandlerCollection" filename="C:\projects\moq4\src\Moq\EventHandlerCollection.cs" line-rate="1" branch-rate="1" complexity="3">
          <methods>
            <method name=".ctor" signature="()" line-rate="1" branch-rate="1" complexity="1">
              <lines />
            </method>
            <method name="Add" signature="(System.Reflection.EventInfo,System.Delegate)" line-rate="1" branch-rate="1" complexity="NaN">
              <lines />
            </method>
            <method name="Clear" signature="()" line-rate="1" branch-rate="1" complexity="2">
              <lines />
            </method>
            <method name="Remove" signature="(System.Reflection.EventInfo,System.Delegate)" line-rate="1" branch-rate="1" complexity="NaN">
              <lines />
            </method>
            <method name="TryGet" signature="(System.Reflection.EventInfo,System.Delegate&amp;)" line-rate="1" branch-rate="1" complexity="NaN">
              <lines />
            </method>
            <method name="TryGet" signature="(System.Reflection.EventInfo)" line-rate="1" branch-rate="1" complexity="NaN">
              <lines />
            </method>
          </methods>
          <lines />
        </class>
        <class name="Moq.ExpressionComparer" filename="C:\projects\moq4\src\Moq\ExpressionComparer.cs" line-rate="1" branch-rate="1" complexity="2">
          <methods>
            <method name=".ctor" signature="()" line-rate="1" branch-rate="1" complexity="1">
              <lines />
            </method>
            <method name="Equals" signature="(System.Linq.Expressions.Expression,System.Linq.Expressions.Expression)" line-rate="1" branch-rate="1" complexity="NaN">
              <lines />
            </method>
            <method name="GetHashCode" signature="(System.Linq.Expressions.Expression)" line-rate="1" branch-rate="1" complexity="NaN">
              <lines />
            </method>
            <method name="Equals" signature="(System.Collections.ObjectModel.ReadOnlyCollection`1&lt;T&gt;,System.Collections.ObjectModel.ReadOnlyCollection`1&lt;T&gt;,System.Func`3&lt;T,T,System.Boolean&gt;)" line-rate="1" branch-rate="1" complexity="NaN">
              <lines />
            </method>
            <method name="EqualsBinary" signature="(System.Linq.Expressions.BinaryExpression,System.Linq.Expressions.BinaryExpression)" line-rate="1" branch-rate="1" complexity="NaN">
              <lines />
            </method>
            <method name="EqualsConditional" signature="(System.Linq.Expressions.ConditionalExpression,System.Linq.Expressions.ConditionalExpression)" line-rate="1" branch-rate="1" complexity="NaN">
              <lines />
            </method>
            <method name="EqualsConstant" signature="(System.Linq.Expressions.ConstantExpression,System.Linq.Expressions.ConstantExpression)" line-rate="1" branch-rate="1" complexity="NaN">
              <lines />
            </method>
            <method name="EqualsElementInit" signature="(System.Linq.Expressions.ElementInit,System.Linq.Expressions.ElementInit)" line-rate="1" branch-rate="1" complexity="NaN">
              <lines />
            </method>
            <method name="EqualsIndex" signature="(System.Linq.Expressions.IndexExpression,System.Linq.Expressions.IndexExpression)" line-rate="1" branch-rate="1" complexity="NaN">
              <lines />
            </method>
            <method name="EqualsInvocation" signature="(System.Linq.Expressions.InvocationExpression,System.Linq.Expressions.InvocationExpression)" line-rate="1" branch-rate="1" complexity="NaN">
              <lines />
            </method>
            <method name="EqualsLambda" signature="(System.Linq.Expressions.LambdaExpression,System.Linq.Expressions.LambdaExpression)" line-rate="1" branch-rate="1" complexity="NaN">
              <lines />
            </method>
            <method name="EqualsListInit" signature="(System.Linq.Expressions.ListInitExpression,System.Linq.Expressions.ListInitExpression)" line-rate="1" branch-rate="1" complexity="NaN">
              <lines />
            </method>
            <method name="EqualsMemberAssignment" signature="(System.Linq.Expressions.MemberAssignment,System.Linq.Expressions.MemberAssignment)" line-rate="1" branch-rate="1" complexity="NaN">
              <lines />
            </method>
            <method name="EqualsMemberBinding" signature="(System.Linq.Expressions.MemberBinding,System.Linq.Expressions.MemberBinding)" line-rate="1" branch-rate="1" complexity="NaN">
              <lines />
            </method>
            <method name="EqualsMember" signature="(System.Linq.Expressions.MemberExpression,System.Linq.Expressions.MemberExpression)" line-rate="1" branch-rate="1" complexity="NaN">
              <lines />
            </method>
            <method name="EqualsMemberInit" signature="(System.Linq.Expressions.MemberInitExpression,System.Linq.Expressions.MemberInitExpression)" line-rate="1" branch-rate="1" complexity="NaN">
              <lines />
            </method>
            <method name="EqualsMemberListBinding" signature="(System.Linq.Expressions.MemberListBinding,System.Linq.Expressions.MemberListBinding)" line-rate="1" branch-rate="1" complexity="NaN">
              <lines />
            </method>
            <method name="EqualsMemberMemberBinding" signature="(System.Linq.Expressions.MemberMemberBinding,System.Linq.Expressions.MemberMemberBinding)" line-rate="1" branch-rate="1" complexity="NaN">
              <lines />
            </method>
            <method name="EqualsMethodCall" signature="(System.Linq.Expressions.MethodCallExpression,System.Linq.Expressions.MethodCallExpression)" line-rate="1" branch-rate="1" complexity="NaN">
              <lines />
            </method>
            <method name="EqualsNewArray" signature="(System.Linq.Expressions.NewArrayExpression,System.Linq.Expressions.NewArrayExpression)" line-rate="1" branch-rate="1" complexity="NaN">
              <lines />
            </method>
            <method name="EqualsNew" signature="(System.Linq.Expressions.NewExpression,System.Linq.Expressions.NewExpression)" line-rate="1" branch-rate="1" complexity="NaN">
              <lines />
            </method>
            <method name="EqualsParameter" signature="(System.Linq.Expressions.ParameterExpression,System.Linq.Expressions.ParameterExpression)" line-rate="1" branch-rate="1" complexity="NaN">
              <lines />
            </method>
            <method name="EqualsTypeBinary" signature="(System.Linq.Expressions.TypeBinaryExpression,System.Linq.Expressions.TypeBinaryExpression)" line-rate="1" branch-rate="1" complexity="NaN">
              <lines />
            </method>
            <method name="EqualsUnary" signature="(System.Linq.Expressions.UnaryExpression,System.Linq.Expressions.UnaryExpression)" line-rate="1" branch-rate="1" complexity="NaN">
              <lines />
            </method>
            <method name="EqualsExtension" signature="(System.Linq.Expressions.Expression,System.Linq.Expressions.Expression)" line-rate="1" branch-rate="1" complexity="NaN">
              <lines />
            </method>
            <method name=".cctor" signature="()" line-rate="1" branch-rate="1" complexity="1">
              <lines />
            </method>
          </methods>
          <lines />
        </class>
        <class name="Moq.ExpressionCompiler" filename="C:\projects\moq4\src\Moq\ExpressionCompiler.cs" line-rate="1" branch-rate="1" complexity="2">
          <methods>
            <method name="Default" signature="()" line-rate="1" branch-rate="1" complexity="NaN">
              <lines />
            </method>
            <method name="Instance" signature="()" line-rate="1" branch-rate="1" complexity="NaN">
              <lines />
            </method>
            <method name="Instance" signature="(Moq.ExpressionCompiler)" line-rate="1" branch-rate="1" complexity="NaN">
              <lines />
            </method>
            <method name=".ctor" signature="()" line-rate="1" branch-rate="1" complexity="1">
              <lines />
            </method>
            <method name=".cctor" signature="()" line-rate="1" branch-rate="1" complexity="1">
              <lines />
            </method>
          </methods>
          <lines />
        </class>
        <class name="Moq.ExpressionExtensions" filename="C:\projects\moq4\src\Moq\ExpressionExtensions.cs" line-rate="1" branch-rate="1" complexity="NaN">
          <methods>
            <method name="ConvertIfNeeded" signature="(System.Linq.Expressions.Expression,System.Type)" line-rate="1" branch-rate="1" complexity="NaN">
              <lines />
            </method>
            <method name="CompileUsingExpressionCompiler" signature="(System.Linq.Expressions.LambdaExpression)" line-rate="1" branch-rate="1" complexity="NaN">
              <lines />
            </method>
            <method name="CompileUsingExpressionCompiler" signature="(System.Linq.Expressions.Expression`1&lt;TDelegate&gt;)" line-rate="1" branch-rate="1" complexity="NaN">
              <lines />
            </method>
            <method name="IsMatch" signature="(System.Linq.Expressions.Expression,Moq.Match&amp;)" line-rate="1" branch-rate="1" complexity="NaN">
              <lines />
            </method>
            <method name="CanSplit" signature="(System.Linq.Expressions.Expression)" line-rate="1" branch-rate="1" complexity="NaN">
              <lines />
            </method>
            <method name="Split" signature="(System.Linq.Expressions.LambdaExpression,System.Boolean)" line-rate="1" branch-rate="1" complexity="NaN">
              <lines />
            </method>
            <method name="GetReboundProperty" signature="(System.Linq.Expressions.MemberExpression)" line-rate="1" branch-rate="1" complexity="NaN">
              <lines />
            </method>
            <method name="ToPropertyInfo" signature="(System.Linq.Expressions.LambdaExpression)" line-rate="1" branch-rate="1" complexity="NaN">
              <lines />
            </method>
            <method name="IsProperty" signature="(System.Linq.Expressions.LambdaExpression)" line-rate="1" branch-rate="1" complexity="NaN">
              <lines />
            </method>
            <method name="IsPropertyIndexer" signature="(System.Linq.Expressions.LambdaExpression)" line-rate="1" branch-rate="1" complexity="NaN">
              <lines />
            </method>
            <method name="StripQuotes" signature="(System.Linq.Expressions.Expression)" line-rate="1" branch-rate="1" complexity="NaN">
              <lines />
            </method>
            <method name="AssignItIsAny" signature="(System.Linq.Expressions.Expression`1&lt;System.Func`2&lt;TMock,T&gt;&gt;)" line-rate="1" branch-rate="1" complexity="NaN">
              <lines />
            </method>
            <method name="PartialEval" signature="(System.Linq.Expressions.Expression)" line-rate="1" branch-rate="1" complexity="NaN">
              <lines />
            </method>
            <method name="PartialMatcherAwareEval" signature="(System.Linq.Expressions.Expression)" line-rate="1" branch-rate="1" complexity="NaN">
              <lines />
            </method>
            <method name="PartialMatcherAwareEval_ShouldEvaluate" signature="(System.Linq.Expressions.Expression)" line-rate="1" branch-rate="1" complexity="NaN">
              <lines />
            </method>
            <method name="ToStringFixed" signature="(System.Linq.Expressions.Expression)" line-rate="1" branch-rate="1" complexity="NaN">
              <lines />
            </method>
          </methods>
          <lines />
        </class>
        <class name="Moq.ExpressionExtensions" filename="C:\projects\moq4\src\Moq\Expressions\Visitors\Apply.cs" line-rate="1" branch-rate="1" complexity="NaN">
          <methods>
            <method name="Apply" signature="(System.Linq.Expressions.Expression,System.Linq.Expressions.ExpressionVisitor)" line-rate="1" branch-rate="1" complexity="NaN">
              <lines />
            </method>
          </methods>
          <lines />
        </class>
        <class name="Moq.ExpressionReconstructor" filename="C:\projects\moq4\src\Moq\ExpressionReconstructor.cs" line-rate="1" branch-rate="1" complexity="2">
          <methods>
            <method name="Instance" signature="()" line-rate="1" branch-rate="1" complexity="NaN">
              <lines />
            </method>
            <method name="Instance" signature="(Moq.ExpressionReconstructor)" line-rate="1" branch-rate="1" complexity="NaN">
              <lines />
            </method>
            <method name=".ctor" signature="()" line-rate="1" branch-rate="1" complexity="1">
              <lines />
            </method>
            <method name=".cctor" signature="()" line-rate="1" branch-rate="1" complexity="1">
              <lines />
            </method>
          </methods>
          <lines />
        </class>
        <class name="Moq.Expressions.Visitors.ConstructorCallVisitor" filename="C:\projects\moq4\src\Moq\Expressions\Visitors\ConstructorCallVisitor.cs" line-rate="1" branch-rate="1" complexity="NaN">
          <methods>
            <method name="ExtractArgumentValues" signature="(System.Linq.Expressions.LambdaExpression)" line-rate="1" branch-rate="1" complexity="NaN">
              <lines />
            </method>
            <method name="Visit" signature="(System.Linq.Expressions.Expression)" line-rate="1" branch-rate="1" complexity="NaN">
              <lines />
            </method>
            <method name="VisitNew" signature="(System.Linq.Expressions.NewExpression)" line-rate="1" branch-rate="1" complexity="NaN">
              <lines />
            </method>
          </methods>
          <lines />
        </class>
        <class name="Moq.Expressions.Visitors.EvaluateCaptures" filename="C:\projects\moq4\src\Moq\Expressions\Visitors\EvaluateCaptures.cs" line-rate="1" branch-rate="1" complexity="2">
          <methods>
            <method name=".ctor" signature="()" line-rate="1" branch-rate="1" complexity="1">
              <lines />
            </method>
            <method name="VisitMember" signature="(System.Linq.Expressions.MemberExpression)" line-rate="1" branch-rate="1" complexity="NaN">
              <lines />
            </method>
            <method name=".cctor" signature="()" line-rate="1" branch-rate="1" complexity="1">
              <lines />
            </method>
          </methods>
          <lines />
        </class>
        <class name="Moq.Expressions.Visitors.UpgradePropertyAccessorMethods" filename="C:\projects\moq4\src\Moq\Expressions\Visitors\UpgradePropertyAccessorMethods.cs" line-rate="1" branch-rate="1" complexity="2">
          <methods>
            <method name=".ctor" signature="()" line-rate="1" branch-rate="1" complexity="1">
              <lines />
            </method>
            <method name="VisitMethodCall" signature="(System.Linq.Expressions.MethodCallExpression)" line-rate="1" branch-rate="1" complexity="NaN">
              <lines />
            </method>
            <method name=".cctor" signature="()" line-rate="1" branch-rate="1" complexity="1">
              <lines />
            </method>
          </methods>
          <lines />
        </class>
        <class name="Moq.Extensions" filename="C:\projects\moq4\src\Moq\Extensions.cs" line-rate="1" branch-rate="1" complexity="NaN">
          <methods>
            <method name="CanCreateInstance" signature="(System.Type)" line-rate="1" branch-rate="1" complexity="NaN">
              <lines />
            </method>
            <method name="CanRead" signature="(System.Reflection.PropertyInfo,System.Reflection.MethodInfo&amp;)" line-rate="1" branch-rate="1" complexity="NaN">
              <lines />
            </method>
            <method name="CanRead" signature="(System.Reflection.PropertyInfo,System.Reflection.MethodInfo&amp;,System.Reflection.PropertyInfo&amp;)" line-rate="1" branch-rate="1" complexity="NaN">
              <lines />
            </method>
            <method name="CanWrite" signature="(System.Reflection.PropertyInfo,System.Reflection.MethodInfo&amp;)" line-rate="1" branch-rate="1" complexity="NaN">
              <lines />
            </method>
            <method name="CanWrite" signature="(System.Reflection.PropertyInfo,System.Reflection.MethodInfo&amp;,System.Reflection.PropertyInfo&amp;)" line-rate="1" branch-rate="1" complexity="NaN">
              <lines />
            </method>
            <method name="GetDefaultValue" signature="(System.Type)" line-rate="1" branch-rate="1" complexity="NaN">
              <lines />
            </method>
            <method name="GetImplementingMethod" signature="(System.Reflection.MethodInfo,System.Type)" line-rate="1" branch-rate="1" complexity="NaN">
              <lines />
            </method>
            <method name="InvokePreserveStack" signature="(System.Delegate,System.Collections.Generic.IReadOnlyList`1&lt;System.Object&gt;)" line-rate="1" branch-rate="1" complexity="NaN">
              <lines />
            </method>
            <method name="IsExtensionMethod" signature="(System.Reflection.MethodInfo)" line-rate="1" branch-rate="1" complexity="NaN">
              <lines />
            </method>
            <method name="IsGetAccessor" signature="(System.Reflection.MethodInfo)" line-rate="1" branch-rate="1" complexity="NaN">
              <lines />
            </method>
            <method name="IsSetAccessor" signature="(System.Reflection.MethodInfo)" line-rate="1" branch-rate="1" complexity="NaN">
              <lines />
            </method>
            <method name="IsIndexerAccessor" signature="(System.Reflection.MethodInfo)" line-rate="1" branch-rate="1" complexity="NaN">
              <lines />
            </method>
            <method name="IsPropertyAccessor" signature="(System.Reflection.MethodInfo)" line-rate="1" branch-rate="1" complexity="NaN">
              <lines />
            </method>
            <method name="IsEventAddAccessor" signature="(System.Reflection.MethodInfo)" line-rate="1" branch-rate="1" complexity="NaN">
              <lines />
            </method>
            <method name="IsEventRemoveAccessor" signature="(System.Reflection.MethodInfo)" line-rate="1" branch-rate="1" complexity="NaN">
              <lines />
            </method>
            <method name="IsDelegateType" signature="(System.Type)" line-rate="1" branch-rate="1" complexity="NaN">
              <lines />
            </method>
            <method name="IsMockable" signature="(System.Type)" line-rate="1" branch-rate="1" complexity="NaN">
              <lines />
            </method>
            <method name="IsTypeMatcher" signature="(System.Type)" line-rate="1" branch-rate="1" complexity="NaN">
              <lines />
            </method>
            <method name="IsTypeMatcher" signature="(System.Type,System.Type&amp;)" line-rate="1" branch-rate="1" complexity="NaN">
              <lines />
            </method>
            <method name="IsOrContainsTypeMatcher" signature="(System.Type)" line-rate="1" branch-rate="1" complexity="NaN">
              <lines />
            </method>
            <method name="ImplementsTypeMatcherProtocol" signature="(System.Type)" line-rate="1" branch-rate="1" complexity="NaN">
              <lines />
            </method>
            <method name="CanOverride" signature="(System.Reflection.MethodBase)" line-rate="1" branch-rate="1" complexity="NaN">
              <lines />
            </method>
            <method name="CanOverrideGet" signature="(System.Reflection.PropertyInfo)" line-rate="1" branch-rate="1" complexity="NaN">
              <lines />
            </method>
            <method name="CanOverrideSet" signature="(System.Reflection.PropertyInfo)" line-rate="1" branch-rate="1" complexity="NaN">
              <lines />
            </method>
            <method name="GetMethods" signature="(System.Type,System.String)" line-rate="1" branch-rate="1" complexity="NaN">
              <lines />
            </method>
            <method name="CompareTo" signature="(TTypes,TOtherTypes,System.Boolean,System.Boolean)" line-rate="1" branch-rate="1" complexity="NaN">
              <lines />
            </method>
            <method name="GetParameterTypeList" signature="(System.Reflection.MethodInfo)" line-rate="1" branch-rate="1" complexity="NaN">
              <lines />
            </method>
            <method name="GetParameterTypes" signature="(System.Reflection.MethodInfo)" line-rate="1" branch-rate="1" complexity="NaN">
              <lines />
            </method>
            <method name="CompareParameterTypesTo" signature="(System.Delegate,TOtherTypes)" line-rate="1" branch-rate="1" complexity="NaN">
              <lines />
            </method>
            <method name="GetInvokeMethodFromUntypedDelegateCallback" signature="(System.Delegate)" line-rate="1" branch-rate="1" complexity="NaN">
              <lines />
            </method>
            <method name="SubstituteTypeMatchers" signature="(System.Type,System.Type)" line-rate="1" branch-rate="1" complexity="NaN">
              <lines />
            </method>
            <method name="TryFind" signature="(System.Collections.Generic.IEnumerable`1&lt;Moq.Setup&gt;,Moq.InvocationShape)" line-rate="1" branch-rate="1" complexity="NaN">
              <lines />
            </method>
            <method name="TryFind" signature="(System.Collections.Generic.IEnumerable`1&lt;Moq.Setup&gt;,Moq.Invocation)" line-rate="1" branch-rate="1" complexity="NaN">
              <lines />
            </method>
          </methods>
          <lines />
        </class>
        <class name="Moq.FailForStrictMock" filename="C:\projects\moq4\src\Moq\Interception\InterceptionAspects.cs" line-rate="1" branch-rate="1" complexity="NaN">
          <methods>
            <method name="Handle" signature="(Moq.Invocation,Moq.Mock)" line-rate="1" branch-rate="1" complexity="NaN">
              <lines />
            </method>
          </methods>
          <lines />
        </class>
        <class name="Moq.FindAndExecuteMatchingSetup" filename="C:\projects\moq4\src\Moq\Interception\InterceptionAspects.cs" line-rate="1" branch-rate="1" complexity="NaN">
          <methods>
            <method name="Handle" signature="(Moq.Invocation,Moq.Mock)" line-rate="1" branch-rate="1" complexity="NaN">
              <lines />
            </method>
          </methods>
          <lines />
        </class>
        <class name="Moq.GeneratedReturnsExtensions" filename="C:\projects\moq4\src\Moq\ReturnsExtensions.Generated.cs" line-rate="1" branch-rate="1" complexity="NaN">
          <methods>
            <method name="ReturnsAsync" signature="(Moq.Language.IReturns`2&lt;TMock,System.Threading.Tasks.Task`1&lt;TResult&gt;&gt;,System.Func`2&lt;T,TResult&gt;)" line-rate="1" branch-rate="1" complexity="NaN">
              <lines />
            </method>
            <method name="ReturnsAsync" signature="(Moq.Language.IReturns`2&lt;TMock,System.Threading.Tasks.Task`1&lt;TResult&gt;&gt;,System.Func`3&lt;T1,T2,TResult&gt;)" line-rate="1" branch-rate="1" complexity="NaN">
              <lines />
            </method>
            <method name="ReturnsAsync" signature="(Moq.Language.IReturns`2&lt;TMock,System.Threading.Tasks.Task`1&lt;TResult&gt;&gt;,System.Func`4&lt;T1,T2,T3,TResult&gt;)" line-rate="1" branch-rate="1" complexity="NaN">
              <lines />
            </method>
            <method name="ReturnsAsync" signature="(Moq.Language.IReturns`2&lt;TMock,System.Threading.Tasks.Task`1&lt;TResult&gt;&gt;,System.Func`5&lt;T1,T2,T3,T4,TResult&gt;)" line-rate="1" branch-rate="1" complexity="NaN">
              <lines />
            </method>
            <method name="ReturnsAsync" signature="(Moq.Language.IReturns`2&lt;TMock,System.Threading.Tasks.Task`1&lt;TResult&gt;&gt;,System.Func`6&lt;T1,T2,T3,T4,T5,TResult&gt;)" line-rate="1" branch-rate="1" complexity="NaN">
              <lines />
            </method>
            <method name="ReturnsAsync" signature="(Moq.Language.IReturns`2&lt;TMock,System.Threading.Tasks.Task`1&lt;TResult&gt;&gt;,System.Func`7&lt;T1,T2,T3,T4,T5,T6,TResult&gt;)" line-rate="1" branch-rate="1" complexity="NaN">
              <lines />
            </method>
            <method name="ReturnsAsync" signature="(Moq.Language.IReturns`2&lt;TMock,System.Threading.Tasks.Task`1&lt;TResult&gt;&gt;,System.Func`8&lt;T1,T2,T3,T4,T5,T6,T7,TResult&gt;)" line-rate="1" branch-rate="1" complexity="NaN">
              <lines />
            </method>
            <method name="ReturnsAsync" signature="(Moq.Language.IReturns`2&lt;TMock,System.Threading.Tasks.Task`1&lt;TResult&gt;&gt;,System.Func`9&lt;T1,T2,T3,T4,T5,T6,T7,T8,TResult&gt;)" line-rate="1" branch-rate="1" complexity="NaN">
              <lines />
            </method>
            <method name="ReturnsAsync" signature="(Moq.Language.IReturns`2&lt;TMock,System.Threading.Tasks.Task`1&lt;TResult&gt;&gt;,System.Func`10&lt;T1,T2,T3,T4,T5,T6,T7,T8,T9,TResult&gt;)" line-rate="1" branch-rate="1" complexity="NaN">
              <lines />
            </method>
            <method name="ReturnsAsync" signature="(Moq.Language.IReturns`2&lt;TMock,System.Threading.Tasks.Task`1&lt;TResult&gt;&gt;,System.Func`11&lt;T1,T2,T3,T4,T5,T6,T7,T8,T9,T10,TResult&gt;)" line-rate="1" branch-rate="1" complexity="NaN">
              <lines />
            </method>
            <method name="ReturnsAsync" signature="(Moq.Language.IReturns`2&lt;TMock,System.Threading.Tasks.Task`1&lt;TResult&gt;&gt;,System.Func`12&lt;T1,T2,T3,T4,T5,T6,T7,T8,T9,T10,T11,TResult&gt;)" line-rate="1" branch-rate="1" complexity="NaN">
              <lines />
            </method>
            <method name="ReturnsAsync" signature="(Moq.Language.IReturns`2&lt;TMock,System.Threading.Tasks.Task`1&lt;TResult&gt;&gt;,System.Func`13&lt;T1,T2,T3,T4,T5,T6,T7,T8,T9,T10,T11,T12,TResult&gt;)" line-rate="1" branch-rate="1" complexity="NaN">
              <lines />
            </method>
            <method name="ReturnsAsync" signature="(Moq.Language.IReturns`2&lt;TMock,System.Threading.Tasks.Task`1&lt;TResult&gt;&gt;,System.Func`14&lt;T1,T2,T3,T4,T5,T6,T7,T8,T9,T10,T11,T12,T13,TResult&gt;)" line-rate="1" branch-rate="1" complexity="NaN">
              <lines />
            </method>
            <method name="ReturnsAsync" signature="(Moq.Language.IReturns`2&lt;TMock,System.Threading.Tasks.Task`1&lt;TResult&gt;&gt;,System.Func`15&lt;T1,T2,T3,T4,T5,T6,T7,T8,T9,T10,T11,T12,T13,T14,TResult&gt;)" line-rate="1" branch-rate="1" complexity="NaN">
              <lines />
            </method>
            <method name="ReturnsAsync" signature="(Moq.Language.IReturns`2&lt;TMock,System.Threading.Tasks.Task`1&lt;TResult&gt;&gt;,System.Func`16&lt;T1,T2,T3,T4,T5,T6,T7,T8,T9,T10,T11,T12,T13,T14,T15,TResult&gt;)" line-rate="1" branch-rate="1" complexity="NaN">
              <lines />
            </method>
            <method name="ReturnsAsync" signature="(Moq.Language.IReturns`2&lt;TMock,System.Threading.Tasks.ValueTask`1&lt;TResult&gt;&gt;,System.Func`2&lt;T,TResult&gt;)" line-rate="1" branch-rate="1" complexity="NaN">
              <lines />
            </method>
            <method name="ReturnsAsync" signature="(Moq.Language.IReturns`2&lt;TMock,System.Threading.Tasks.ValueTask`1&lt;TResult&gt;&gt;,System.Func`3&lt;T1,T2,TResult&gt;)" line-rate="1" branch-rate="1" complexity="NaN">
              <lines />
            </method>
            <method name="ReturnsAsync" signature="(Moq.Language.IReturns`2&lt;TMock,System.Threading.Tasks.ValueTask`1&lt;TResult&gt;&gt;,System.Func`4&lt;T1,T2,T3,TResult&gt;)" line-rate="1" branch-rate="1" complexity="NaN">
              <lines />
            </method>
            <method name="ReturnsAsync" signature="(Moq.Language.IReturns`2&lt;TMock,System.Threading.Tasks.ValueTask`1&lt;TResult&gt;&gt;,System.Func`5&lt;T1,T2,T3,T4,TResult&gt;)" line-rate="1" branch-rate="1" complexity="NaN">
              <lines />
            </method>
            <method name="ReturnsAsync" signature="(Moq.Language.IReturns`2&lt;TMock,System.Threading.Tasks.ValueTask`1&lt;TResult&gt;&gt;,System.Func`6&lt;T1,T2,T3,T4,T5,TResult&gt;)" line-rate="1" branch-rate="1" complexity="NaN">
              <lines />
            </method>
            <method name="ReturnsAsync" signature="(Moq.Language.IReturns`2&lt;TMock,System.Threading.Tasks.ValueTask`1&lt;TResult&gt;&gt;,System.Func`7&lt;T1,T2,T3,T4,T5,T6,TResult&gt;)" line-rate="1" branch-rate="1" complexity="NaN">
              <lines />
            </method>
            <method name="ReturnsAsync" signature="(Moq.Language.IReturns`2&lt;TMock,System.Threading.Tasks.ValueTask`1&lt;TResult&gt;&gt;,System.Func`8&lt;T1,T2,T3,T4,T5,T6,T7,TResult&gt;)" line-rate="1" branch-rate="1" complexity="NaN">
              <lines />
            </method>
            <method name="ReturnsAsync" signature="(Moq.Language.IReturns`2&lt;TMock,System.Threading.Tasks.ValueTask`1&lt;TResult&gt;&gt;,System.Func`9&lt;T1,T2,T3,T4,T5,T6,T7,T8,TResult&gt;)" line-rate="1" branch-rate="1" complexity="NaN">
              <lines />
            </method>
            <method name="ReturnsAsync" signature="(Moq.Language.IReturns`2&lt;TMock,System.Threading.Tasks.ValueTask`1&lt;TResult&gt;&gt;,System.Func`10&lt;T1,T2,T3,T4,T5,T6,T7,T8,T9,TResult&gt;)" line-rate="1" branch-rate="1" complexity="NaN">
              <lines />
            </method>
            <method name="ReturnsAsync" signature="(Moq.Language.IReturns`2&lt;TMock,System.Threading.Tasks.ValueTask`1&lt;TResult&gt;&gt;,System.Func`11&lt;T1,T2,T3,T4,T5,T6,T7,T8,T9,T10,TResult&gt;)" line-rate="1" branch-rate="1" complexity="NaN">
              <lines />
            </method>
            <method name="ReturnsAsync" signature="(Moq.Language.IReturns`2&lt;TMock,System.Threading.Tasks.ValueTask`1&lt;TResult&gt;&gt;,System.Func`12&lt;T1,T2,T3,T4,T5,T6,T7,T8,T9,T10,T11,TResult&gt;)" line-rate="1" branch-rate="1" complexity="NaN">
              <lines />
            </method>
            <method name="ReturnsAsync" signature="(Moq.Language.IReturns`2&lt;TMock,System.Threading.Tasks.ValueTask`1&lt;TResult&gt;&gt;,System.Func`13&lt;T1,T2,T3,T4,T5,T6,T7,T8,T9,T10,T11,T12,TResult&gt;)" line-rate="1" branch-rate="1" complexity="NaN">
              <lines />
            </method>
            <method name="ReturnsAsync" signature="(Moq.Language.IReturns`2&lt;TMock,System.Threading.Tasks.ValueTask`1&lt;TResult&gt;&gt;,System.Func`14&lt;T1,T2,T3,T4,T5,T6,T7,T8,T9,T10,T11,T12,T13,TResult&gt;)" line-rate="1" branch-rate="1" complexity="NaN">
              <lines />
            </method>
            <method name="ReturnsAsync" signature="(Moq.Language.IReturns`2&lt;TMock,System.Threading.Tasks.ValueTask`1&lt;TResult&gt;&gt;,System.Func`15&lt;T1,T2,T3,T4,T5,T6,T7,T8,T9,T10,T11,T12,T13,T14,TResult&gt;)" line-rate="1" branch-rate="1" complexity="NaN">
              <lines />
            </method>
            <method name="ReturnsAsync" signature="(Moq.Language.IReturns`2&lt;TMock,System.Threading.Tasks.ValueTask`1&lt;TResult&gt;&gt;,System.Func`16&lt;T1,T2,T3,T4,T5,T6,T7,T8,T9,T10,T11,T12,T13,T14,T15,TResult&gt;)" line-rate="1" branch-rate="1" complexity="NaN">
              <lines />
            </method>
          </methods>
          <lines />
        </class>
        <class name="Moq.Guard" filename="C:\projects\moq4\src\Moq\Guard.cs" line-rate="1" branch-rate="1" complexity="NaN">
          <methods>
            <method name="CanCreateInstance" signature="(System.Type)" line-rate="1" branch-rate="1" complexity="NaN">
              <lines />
            </method>
            <method name="ImplementsInterface" signature="(System.Type,System.Type,System.String)" line-rate="1" branch-rate="1" complexity="NaN">
              <lines />
            </method>
            <method name="ImplementsTypeMatcherProtocol" signature="(System.Type)" line-rate="1" branch-rate="1" complexity="NaN">
              <lines />
            </method>
            <method name="IsAssignmentToPropertyOrIndexer" signature="(System.Linq.Expressions.LambdaExpression,System.String)" line-rate="1" branch-rate="1" complexity="NaN">
              <lines />
            </method>
            <method name="IsOverridable" signature="(System.Reflection.MethodInfo,System.Linq.Expressions.Expression)" line-rate="1" branch-rate="1" complexity="NaN">
              <lines />
            </method>
            <method name="IsVisibleToProxyFactory" signature="(System.Reflection.MethodInfo)" line-rate="1" branch-rate="1" complexity="NaN">
              <lines />
            </method>
            <method name="IsEventAdd" signature="(System.Linq.Expressions.LambdaExpression,System.String)" line-rate="1" branch-rate="1" complexity="NaN">
              <lines />
            </method>
            <method name="IsEventRemove" signature="(System.Linq.Expressions.LambdaExpression,System.String)" line-rate="1" branch-rate="1" complexity="NaN">
              <lines />
            </method>
            <method name="NotNull" signature="(System.Object,System.String)" line-rate="1" branch-rate="1" complexity="NaN">
              <lines />
            </method>
            <method name="NotNullOrEmpty" signature="(System.String,System.String)" line-rate="1" branch-rate="1" complexity="NaN">
              <lines />
            </method>
            <method name="NotField" signature="(System.Linq.Expressions.MemberExpression)" line-rate="1" branch-rate="1" complexity="NaN">
              <lines />
            </method>
            <method name="IsMockable" signature="(System.Type)" line-rate="1" branch-rate="1" complexity="NaN">
              <lines />
            </method>
            <method name="Positive" signature="(System.TimeSpan)" line-rate="1" branch-rate="1" complexity="NaN">
              <lines />
            </method>
            <method name="CanRead" signature="(System.Reflection.PropertyInfo)" line-rate="1" branch-rate="1" complexity="NaN">
              <lines />
            </method>
            <method name="CanWrite" signature="(System.Reflection.PropertyInfo)" line-rate="1" branch-rate="1" complexity="NaN">
              <lines />
            </method>
          </methods>
          <lines />
        </class>
        <class name="Moq.HandleAutoSetupProperties" filename="C:\projects\moq4\src\Moq\Interception\InterceptionAspects.cs" line-rate="1" branch-rate="1" complexity="1">
          <methods>
            <method name="Handle" signature="(Moq.Invocation,Moq.Mock)" line-rate="1" branch-rate="1" complexity="NaN">
              <lines />
            </method>
            <method name="CreateInitialPropertyValue" signature="(Moq.Mock,System.Reflection.MethodInfo)" line-rate="1" branch-rate="1" complexity="NaN">
              <lines />
            </method>
            <method name="GetPropertyExpression" signature="(System.Type,System.Reflection.PropertyInfo)" line-rate="1" branch-rate="1" complexity="NaN">
              <lines />
            </method>
            <method name=".cctor" signature="()" line-rate="1" branch-rate="1" complexity="1">
              <lines />
            </method>
          </methods>
          <lines />
        </class>
        <class name="Moq.HandleEventSubscription" filename="C:\projects\moq4\src\Moq\Interception\InterceptionAspects.cs" line-rate="1" branch-rate="1" complexity="NaN">
          <methods>
            <method name="Handle" signature="(Moq.Invocation,Moq.Mock)" line-rate="1" branch-rate="1" complexity="NaN">
              <lines />
            </method>
          </methods>
          <lines />
        </class>
        <class name="Moq.HandleWellKnownMethods" filename="C:\projects\moq4\src\Moq\Interception\InterceptionAspects.cs" line-rate="1" branch-rate="1" complexity="1">
          <methods>
            <method name="Handle" signature="(Moq.Invocation,Moq.Mock)" line-rate="1" branch-rate="1" complexity="NaN">
              <lines />
            </method>
            <method name="HandleEquals" signature="(Moq.Invocation,Moq.Mock)" line-rate="1" branch-rate="1" complexity="NaN">
              <lines />
            </method>
            <method name="HandleFinalize" signature="(Moq.Invocation,Moq.Mock)" line-rate="1" branch-rate="1" complexity="NaN">
              <lines />
            </method>
            <method name="HandleGetHashCode" signature="(Moq.Invocation,Moq.Mock)" line-rate="1" branch-rate="1" complexity="NaN">
              <lines />
            </method>
            <method name="HandleToString" signature="(Moq.Invocation,Moq.Mock)" line-rate="1" branch-rate="1" complexity="NaN">
              <lines />
            </method>
            <method name="HandleMockGetter" signature="(Moq.Invocation,Moq.Mock)" line-rate="1" branch-rate="1" complexity="NaN">
              <lines />
            </method>
            <method name="IsFinalizer" signature="(System.Reflection.MethodInfo)" line-rate="1" branch-rate="1" complexity="NaN">
              <lines />
            </method>
            <method name="IsObjectMethod" signature="(System.Reflection.MethodInfo)" line-rate="1" branch-rate="1" complexity="NaN">
              <lines />
            </method>
            <method name="IsObjectMethod" signature="(System.Reflection.MethodInfo,System.String)" line-rate="1" branch-rate="1" complexity="NaN">
              <lines />
            </method>
            <method name=".cctor" signature="()" line-rate="1" branch-rate="1" complexity="1">
              <lines />
            </method>
          </methods>
          <lines />
        </class>
        <class name="Moq.ImmutablePopOnlyStack`1" filename="C:\projects\moq4\src\Moq\ImmutablePoppableStack.cs" line-rate="1" branch-rate="1" complexity="NaN">
          <methods>
            <method name="Empty" signature="()" line-rate="1" branch-rate="1" complexity="NaN">
              <lines />
            </method>
            <method name=".ctor" signature="(System.Collections.Generic.IEnumerable`1&lt;T&gt;)" line-rate="1" branch-rate="1" complexity="NaN">
              <lines />
            </method>
            <method name=".ctor" signature="(T[],System.Int32)" line-rate="1" branch-rate="1" complexity="NaN">
              <lines />
            </method>
            <method name="Pop" signature="(Moq.ImmutablePopOnlyStack`1&lt;T&gt;&amp;)" line-rate="1" branch-rate="1" complexity="NaN">
              <lines />
            </method>
          </methods>
          <lines />
        </class>
        <class name="Moq.InnerMockSetup" filename="C:\projects\moq4\src\Moq\InnerMockSetup.cs" line-rate="1" branch-rate="1" complexity="1">
          <methods>
            <method name=".ctor" signature="(System.Linq.Expressions.Expression,Moq.Mock,Moq.InvocationShape,System.Object)" line-rate="1" branch-rate="1" complexity="NaN">
              <lines />
            </method>
            <method name="ExecuteCore" signature="(Moq.Invocation)" line-rate="1" branch-rate="1" complexity="NaN">
              <lines />
            </method>
            <method name="TryGetReturnValue" signature="(System.Object&amp;)" line-rate="1" branch-rate="1" complexity="NaN">
              <lines />
            </method>
            <method name="ResetCore" signature="()" line-rate="1" branch-rate="1" complexity="1">
              <lines />
            </method>
            <method name="TryVerifySelf" signature="(Moq.MockException&amp;)" line-rate="1" branch-rate="1" complexity="NaN">
              <lines />
            </method>
          </methods>
          <lines />
        </class>
        <class name="Moq.Internals.InterfaceProxy" filename="C:\projects\moq4\src\Moq\ProxyFactories\InterfaceProxy.cs" line-rate="1" branch-rate="1" complexity="5">
          <methods>
            <method name="Equals" signature="(System.Object)" line-rate="1" branch-rate="1" complexity="NaN">
              <lines />
            </method>
            <method name="GetHashCode" signature="()" line-rate="1" branch-rate="1" complexity="1">
              <lines />
            </method>
            <method name="ToString" signature="()" line-rate="1" branch-rate="1" complexity="1">
              <lines />
            </method>
            <method name=".cctor" signature="()" line-rate="1" branch-rate="1" complexity="1">
              <lines />
            </method>
            <method name=".ctor" signature="(System.Type,System.Reflection.MethodInfo,System.Object[])" line-rate="1" branch-rate="1" complexity="NaN">
              <lines />
            </method>
            <method name=".ctor" signature="(System.Type,System.Reflection.MethodInfo)" line-rate="1" branch-rate="1" complexity="NaN">
              <lines />
            </method>
            <method name="CallBase" signature="()" line-rate="1" branch-rate="1" complexity="1">
              <lines />
            </method>
            <method name=".cctor" signature="()" line-rate="1" branch-rate="1" complexity="1">
              <lines />
            </method>
          </methods>
          <lines />
        </class>
        <class name="Moq.Invocation" filename="C:\projects\moq4\src\Moq\Invocation.cs" line-rate="1" branch-rate="1" complexity="6">
          <methods>
            <method name="Method" signature="()" line-rate="1" branch-rate="1" complexity="NaN">
              <lines />
            </method>
            <method name="MethodImplementation" signature="()" line-rate="1" branch-rate="1" complexity="NaN">
              <lines />
            </method>
            <method name="Arguments" signature="()" line-rate="1" branch-rate="1" complexity="NaN">
              <lines />
            </method>
            <method name="IInvocation.get_Arguments" signature="()" line-rate="1" branch-rate="1" complexity="NaN">
              <lines />
            </method>
            <method name="MatchingSetup" signature="()" line-rate="1" branch-rate="1" complexity="NaN">
              <lines />
            </method>
            <method name="ProxyType" signature="()" line-rate="1" branch-rate="1" complexity="NaN">
              <lines />
            </method>
            <method name="ReturnValue" signature="()" line-rate="1" branch-rate="1" complexity="NaN">
              <lines />
            </method>
            <method name="ReturnValue" signature="(System.Object)" line-rate="1" branch-rate="1" complexity="NaN">
              <lines />
            </method>
            <method name="Exception" signature="()" line-rate="1" branch-rate="1" complexity="NaN">
              <lines />
            </method>
            <method name="IsVerified" signature="()" line-rate="1" branch-rate="1" complexity="NaN">
              <lines />
            </method>
            <method name=".ctor" signature="(System.Type,System.Reflection.MethodInfo,System.Object[])" line-rate="1" branch-rate="1" complexity="NaN">
              <lines />
            </method>
            <method name="MarkAsMatchedBy" signature="(Moq.Setup)" line-rate="1" branch-rate="1" complexity="NaN">
              <lines />
            </method>
            <method name="MarkAsVerified" signature="()" line-rate="1" branch-rate="1" complexity="1">
              <lines />
            </method>
            <method name="MarkAsVerifiedIfMatchedBy" signature="(System.Func`2&lt;Moq.Setup,System.Boolean&gt;)" line-rate="1" branch-rate="1" complexity="NaN">
              <lines />
            </method>
            <method name="ToString" signature="()" line-rate="1" branch-rate="1" complexity="5">
              <lines />
            </method>
          </methods>
          <lines />
        </class>
        <class name="Moq.InvocationAction" filename="C:\projects\moq4\src\Moq\InvocationAction.cs" line-rate="1" branch-rate="1" complexity="NaN">
          <methods>
            <method name=".ctor" signature="(System.Action`1&lt;Moq.IInvocation&gt;)" line-rate="1" branch-rate="1" complexity="NaN">
              <lines />
            </method>
          </methods>
          <lines />
        </class>
        <class name="Moq.InvocationCollection" filename="C:\projects\moq4\src\Moq\InvocationCollection.cs" line-rate="1" branch-rate="1" complexity="11">
          <methods>
            <method name="Count" signature="()" line-rate="1" branch-rate="1" complexity="NaN">
              <lines />
            </method>
            <method name="Item" signature="(System.Int32)" line-rate="1" branch-rate="1" complexity="NaN">
              <lines />
            </method>
            <method name=".ctor" signature="(Moq.Mock)" line-rate="1" branch-rate="1" complexity="NaN">
              <lines />
            </method>
            <method name="Add" signature="(Moq.Invocation)" line-rate="1" branch-rate="1" complexity="NaN">
              <lines />
            </method>
            <method name="Clear" signature="()" line-rate="1" branch-rate="1" complexity="2">
              <lines />
            </method>
            <method name="ToArray" signature="()" line-rate="1" branch-rate="1" complexity="3">
              <lines />
            </method>
            <method name="ToArray" signature="(System.Func`2&lt;Moq.Invocation,System.Boolean&gt;)" line-rate="1" branch-rate="1" complexity="NaN">
              <lines />
            </method>
            <method name="System.Collections.IEnumerable.GetEnumerator" signature="()" line-rate="1" branch-rate="1" complexity="1">
              <lines />
            </method>
            <method name="GetEnumerator" signature="()" line-rate="1" branch-rate="1" complexity="5">
              <lines />
            </method>
          </methods>
          <lines />
        </class>
        <class name="Moq.InvocationExceptionWrapper" filename="C:\projects\moq4\src\Moq\InvocationExceptionWrapper.cs" line-rate="1" branch-rate="1" complexity="NaN">
          <methods>
            <method name="Exception" signature="()" line-rate="1" branch-rate="1" complexity="NaN">
              <lines />
            </method>
            <method name=".ctor" signature="(System.Exception)" line-rate="1" branch-rate="1" complexity="NaN">
              <lines />
            </method>
          </methods>
          <lines />
        </class>
        <class name="Moq.InvocationFunc" filename="C:\projects\moq4\src\Moq\InvocationFunc.cs" line-rate="1" branch-rate="1" complexity="NaN">
          <methods>
            <method name=".ctor" signature="(System.Func`2&lt;Moq.IInvocation,System.Object&gt;)" line-rate="1" branch-rate="1" complexity="NaN">
              <lines />
            </method>
          </methods>
          <lines />
        </class>
        <class name="Moq.InvocationShape" filename="C:\projects\moq4\src\Moq\InvocationShape.cs" line-rate="1" branch-rate="1" complexity="3">
          <methods>
            <method name="CreateFrom" signature="(Moq.Invocation)" line-rate="1" branch-rate="1" complexity="NaN">
              <lines />
            </method>
            <method name=".ctor" signature="(System.Linq.Expressions.LambdaExpression,System.Reflection.MethodInfo,System.Collections.Generic.IReadOnlyList`1&lt;System.Linq.Expressions.Expression&gt;,System.Boolean,System.Boolean,System.Boolean)" line-rate="1" branch-rate="1" complexity="NaN">
              <lines />
            </method>
            <method name="Deconstruct" signature="(System.Linq.Expressions.LambdaExpression&amp;,System.Reflection.MethodInfo&amp;,System.Collections.Generic.IReadOnlyList`1&lt;System.Linq.Expressions.Expression&gt;&amp;)" line-rate="1" branch-rate="1" complexity="NaN">
              <lines />
            </method>
            <method name="IsMatch" signature="(Moq.Invocation)" line-rate="1" branch-rate="1" complexity="NaN">
              <lines />
            </method>
            <method name="SetupEvaluatedSuccessfully" signature="(Moq.Invocation)" line-rate="1" branch-rate="1" complexity="NaN">
              <lines />
            </method>
            <method name="IsOverride" signature="(Moq.Invocation)" line-rate="1" branch-rate="1" complexity="NaN">
              <lines />
            </method>
            <method name="Equals" signature="(Moq.InvocationShape)" line-rate="1" branch-rate="1" complexity="NaN">
              <lines />
            </method>
            <method name="PartiallyEvaluateArguments" signature="(System.Collections.Generic.IReadOnlyList`1&lt;System.Linq.Expressions.Expression&gt;)" line-rate="1" branch-rate="1" complexity="NaN">
              <lines />
            </method>
            <method name="Equals" signature="(System.Object)" line-rate="1" branch-rate="1" complexity="NaN">
              <lines />
            </method>
            <method name="GetHashCode" signature="()" line-rate="1" branch-rate="1" complexity="1">
              <lines />
            </method>
            <method name="ToString" signature="()" line-rate="1" branch-rate="1" complexity="1">
              <lines />
            </method>
            <method name=".cctor" signature="()" line-rate="1" branch-rate="1" complexity="1">
              <lines />
            </method>
          </methods>
          <lines />
        </class>
        <class name="Moq.It" filename="C:\projects\moq4\src\Moq\It.cs" line-rate="1" branch-rate="1" complexity="9">
          <methods>
            <method name="IsAny" signature="()" line-rate="1" branch-rate="1" complexity="4">
              <lines />
            </method>
            <method name="IsAny" signature="(System.Type)" line-rate="1" branch-rate="1" complexity="NaN">
              <lines />
            </method>
            <method name="IsNotNull" signature="()" line-rate="1" branch-rate="1" complexity="4">
              <lines />
            </method>
            <method name="Is" signature="(System.Linq.Expressions.Expression`1&lt;System.Func`2&lt;TValue,System.Boolean&gt;&gt;)" line-rate="1" branch-rate="1" complexity="NaN">
              <lines />
            </method>
            <method name="Is" signature="(System.Linq.Expressions.Expression`1&lt;System.Func`3&lt;System.Object,System.Type,System.Boolean&gt;&gt;)" line-rate="1" branch-rate="1" complexity="NaN">
              <lines />
            </method>
            <method name="Is" signature="(TValue,System.Collections.Generic.IEqualityComparer`1&lt;TValue&gt;)" line-rate="1" branch-rate="1" complexity="NaN">
              <lines />
            </method>
            <method name="IsInRange" signature="(TValue,TValue,Moq.Range)" line-rate="1" branch-rate="1" complexity="NaN">
              <lines />
            </method>
            <method name="IsIn" signature="(System.Collections.Generic.IEnumerable`1&lt;TValue&gt;)" line-rate="1" branch-rate="1" complexity="NaN">
              <lines />
            </method>
            <method name="IsIn" signature="(System.Collections.Generic.IEnumerable`1&lt;TValue&gt;,System.Collections.Generic.IEqualityComparer`1&lt;TValue&gt;)" line-rate="1" branch-rate="1" complexity="NaN">
              <lines />
            </method>
            <method name="IsIn" signature="(TValue[])" line-rate="1" branch-rate="1" complexity="NaN">
              <lines />
            </method>
            <method name="IsNotIn" signature="(System.Collections.Generic.IEnumerable`1&lt;TValue&gt;)" line-rate="1" branch-rate="1" complexity="NaN">
              <lines />
            </method>
            <method name="IsNotIn" signature="(System.Collections.Generic.IEnumerable`1&lt;TValue&gt;,System.Collections.Generic.IEqualityComparer`1&lt;TValue&gt;)" line-rate="1" branch-rate="1" complexity="NaN">
              <lines />
            </method>
            <method name="IsNotIn" signature="(TValue[])" line-rate="1" branch-rate="1" complexity="NaN">
              <lines />
            </method>
            <method name="IsRegex" signature="(System.String)" line-rate="1" branch-rate="1" complexity="NaN">
              <lines />
            </method>
            <method name="IsRegex" signature="(System.String,System.Text.RegularExpressions.RegexOptions)" line-rate="1" branch-rate="1" complexity="NaN">
              <lines />
            </method>
            <method name=".cctor" signature="()" line-rate="1" branch-rate="1" complexity="1">
              <lines />
            </method>
            <method name="Moq.ITypeMatcher.Matches" signature="(System.Type)" line-rate="1" branch-rate="1" complexity="NaN">
              <lines />
            </method>
            <method name="Moq.ITypeMatcher.Matches" signature="(System.Type)" line-rate="1" branch-rate="1" complexity="NaN">
              <lines />
            </method>
            <method name="Moq.ITypeMatcher.Matches" signature="(System.Type)" line-rate="1" branch-rate="1" complexity="NaN">
              <lines />
            </method>
          </methods>
          <lines />
        </class>
        <class name="Moq.Language.Flow.NonVoidSetupPhrase`2" filename="C:\projects\moq4\src\Moq\Language\Flow\NonVoidSetupPhrase.cs" line-rate="1" branch-rate="1" complexity="1">
          <methods>
            <method name=".ctor" signature="(Moq.MethodCall)" line-rate="1" branch-rate="1" complexity="NaN">
              <lines />
            </method>
            <method name="Callback" signature="(Moq.InvocationAction)" line-rate="1" branch-rate="1" complexity="NaN">
              <lines />
            </method>
            <method name="Callback" signature="(System.Delegate)" line-rate="1" branch-rate="1" complexity="NaN">
              <lines />
            </method>
            <method name="Moq.Language.ICallbackGetter&lt;T,TResult&gt;.Callback" signature="(System.Action)" line-rate="1" branch-rate="1" complexity="NaN">
              <lines />
            </method>
            <method name="Callback" signature="(System.Action)" line-rate="1" branch-rate="1" complexity="NaN">
              <lines />
            </method>
            <method name="Callback" signature="(System.Action`1&lt;T1&gt;)" line-rate="1" branch-rate="1" complexity="NaN">
              <lines />
            </method>
            <method name="Callback" signature="(System.Action`2&lt;T1,T2&gt;)" line-rate="1" branch-rate="1" complexity="NaN">
              <lines />
            </method>
            <method name="Callback" signature="(System.Action`3&lt;T1,T2,T3&gt;)" line-rate="1" branch-rate="1" complexity="NaN">
              <lines />
            </method>
            <method name="Callback" signature="(System.Action`4&lt;T1,T2,T3,T4&gt;)" line-rate="1" branch-rate="1" complexity="NaN">
              <lines />
            </method>
            <method name="Callback" signature="(System.Action`5&lt;T1,T2,T3,T4,T5&gt;)" line-rate="1" branch-rate="1" complexity="NaN">
              <lines />
            </method>
            <method name="Callback" signature="(System.Action`6&lt;T1,T2,T3,T4,T5,T6&gt;)" line-rate="1" branch-rate="1" complexity="NaN">
              <lines />
            </method>
            <method name="Callback" signature="(System.Action`7&lt;T1,T2,T3,T4,T5,T6,T7&gt;)" line-rate="1" branch-rate="1" complexity="NaN">
              <lines />
            </method>
            <method name="Callback" signature="(System.Action`8&lt;T1,T2,T3,T4,T5,T6,T7,T8&gt;)" line-rate="1" branch-rate="1" complexity="NaN">
              <lines />
            </method>
            <method name="Callback" signature="(System.Action`9&lt;T1,T2,T3,T4,T5,T6,T7,T8,T9&gt;)" line-rate="1" branch-rate="1" complexity="NaN">
              <lines />
            </method>
            <method name="Callback" signature="(System.Action`10&lt;T1,T2,T3,T4,T5,T6,T7,T8,T9,T10&gt;)" line-rate="1" branch-rate="1" complexity="NaN">
[...]
                <line number="70" hits="10" branch="false" />
                <line number="71" hits="10" branch="false" />
                <line number="73" hits="5" branch="false" />
                <line number="74" hits="5" branch="false" />
                <line number="75" hits="5" branch="false" />
                <line number="76" hits="5" branch="false" />
                <line number="77" hits="5" branch="false" />
                <line number="78" hits="5" branch="false" />
                <line number="80" hits="5" branch="false" />
                <line number="81" hits="5" branch="false" />
                <line number="82" hits="5" branch="false" />
                <line number="83" hits="5" branch="false" />
                <line number="84" hits="5" branch="false" />
              </lines>
            </method>
            <method name="Failure_Validations" signature="()" line-rate="1" branch-rate="0.5" complexity="6">
              <lines>
                <line number="94" hits="1" branch="false" />
                <line number="95" hits="1" branch="false" />
                <line number="96" hits="1" branch="false" />
                <line number="98" hits="1" branch="true" condition-coverage="50% (1/2)" />
                <line number="99" hits="2" branch="true" condition-coverage="50% (2/4)" />
                <line number="100" hits="1" branch="false" />
                <line number="101" hits="1" branch="false" />
              </lines>
            </method>
            <method name="Successfull_Validations" signature="()" line-rate="1" branch-rate="0.3333333333333333" complexity="6">
              <lines>
                <line number="105" hits="1" branch="false" />
                <line number="106" hits="1" branch="true" condition-coverage="50% (1/2)" />
                <line number="107" hits="1" branch="true" condition-coverage="25% (1/4)" />
                <line number="108" hits="1" branch="false" />
                <line number="109" hits="1" branch="false" />
              </lines>
            </method>
            <method name="Successfull_Get_WithList" signature="()" line-rate="1" branch-rate="0.3333333333333333" complexity="6">
              <lines>
                <line number="113" hits="1" branch="false" />
                <line number="114" hits="1" branch="true" condition-coverage="50% (1/2)" />
                <line number="115" hits="1" branch="true" condition-coverage="25% (1/4)" />
                <line number="116" hits="1" branch="false" />
                <line number="117" hits="1" branch="false" />
              </lines>
            </method>
            <method name="Failure_Get_WithListException" signature="()" line-rate="1" branch-rate="0.5" complexity="6">
              <lines>
                <line number="121" hits="1" branch="false" />
                <line number="122" hits="1" branch="false" />
                <line number="123" hits="1" branch="false" />
                <line number="125" hits="1" branch="true" condition-coverage="50% (1/2)" />
                <line number="126" hits="1" branch="true" condition-coverage="50% (2/4)" />
                <line number="127" hits="1" branch="false" />
                <line number="128" hits="1" branch="false" />
              </lines>
            </method>
            <method name="Failure_Get_WithListValidation" signature="()" line-rate="1" branch-rate="0.5" complexity="6">
              <lines>
                <line number="132" hits="1" branch="false" />
                <line number="133" hits="1" branch="false" />
                <line number="134" hits="1" branch="false" />
                <line number="136" hits="1" branch="true" condition-coverage="50% (1/2)" />
                <line number="137" hits="2" branch="true" condition-coverage="50% (2/4)" />
                <line number="138" hits="1" branch="false" />
                <line number="139" hits="1" branch="false" />
              </lines>
            </method>
          </methods>
          <lines>
            <line number="29" hits="5" branch="false" />
            <line number="30" hits="5" branch="false" />
            <line number="31" hits="5" branch="false" />
            <line number="32" hits="5" branch="false" />
            <line number="33" hits="5" branch="false" />
            <line number="34" hits="5" branch="false" />
            <line number="37" hits="5" branch="false" />
            <line number="38" hits="5" branch="false" />
            <line number="39" hits="5" branch="false" />
            <line number="41" hits="5" branch="false" />
            <line number="42" hits="5" branch="false" />
            <line number="44" hits="5" branch="false" />
            <line number="45" hits="5" branch="false" />
            <line number="46" hits="5" branch="false" />
            <line number="55" hits="5" branch="false" />
            <line number="56" hits="5" branch="false" />
            <line number="57" hits="5" branch="false" />
            <line number="58" hits="5" branch="false" />
            <line number="60" hits="10" branch="false" />
            <line number="61" hits="10" branch="false" />
            <line number="62" hits="10" branch="false" />
            <line number="63" hits="10" branch="false" />
            <line number="64" hits="10" branch="false" />
            <line number="65" hits="10" branch="false" />
            <line number="66" hits="10" branch="false" />
            <line number="67" hits="10" branch="false" />
            <line number="68" hits="10" branch="false" />
            <line number="69" hits="10" branch="false" />
            <line number="70" hits="10" branch="false" />
            <line number="71" hits="10" branch="false" />
            <line number="73" hits="5" branch="false" />
            <line number="74" hits="5" branch="false" />
            <line number="75" hits="5" branch="false" />
            <line number="76" hits="5" branch="false" />
            <line number="77" hits="5" branch="false" />
            <line number="78" hits="5" branch="false" />
            <line number="80" hits="5" branch="false" />
            <line number="81" hits="5" branch="false" />
            <line number="82" hits="5" branch="false" />
            <line number="83" hits="5" branch="false" />
            <line number="84" hits="5" branch="false" />
            <line number="94" hits="1" branch="false" />
            <line number="95" hits="1" branch="false" />
            <line number="96" hits="1" branch="false" />
            <line number="98" hits="1" branch="true" condition-coverage="50% (1/2)" />
            <line number="99" hits="2" branch="true" condition-coverage="50% (2/4)" />
            <line number="100" hits="1" branch="false" />
            <line number="101" hits="1" branch="false" />
            <line number="105" hits="1" branch="false" />
            <line number="106" hits="1" branch="true" condition-coverage="50% (1/2)" />
            <line number="107" hits="1" branch="true" condition-coverage="25% (1/4)" />
            <line number="108" hits="1" branch="false" />
            <line number="109" hits="1" branch="false" />
            <line number="113" hits="1" branch="false" />
            <line number="114" hits="1" branch="true" condition-coverage="50% (1/2)" />
            <line number="115" hits="1" branch="true" condition-coverage="25% (1/4)" />
            <line number="116" hits="1" branch="false" />
            <line number="117" hits="1" branch="false" />
            <line number="121" hits="1" branch="false" />
            <line number="122" hits="1" branch="false" />
            <line number="123" hits="1" branch="false" />
            <line number="125" hits="1" branch="true" condition-coverage="50% (1/2)" />
            <line number="126" hits="1" branch="true" condition-coverage="50% (2/4)" />
            <line number="127" hits="1" branch="false" />
            <line number="128" hits="1" branch="false" />
            <line number="132" hits="1" branch="false" />
            <line number="133" hits="1" branch="false" />
            <line number="134" hits="1" branch="false" />
            <line number="136" hits="1" branch="true" condition-coverage="50% (1/2)" />
            <line number="137" hits="2" branch="true" condition-coverage="50% (2/4)" />
            <line number="138" hits="1" branch="false" />
            <line number="139" hits="1" branch="false" />
          </lines>
        </class>
        <class name="Order.API.UnitTest.WishListUpdatedTest" filename="C:\Repository\challenge-ML\Order.API\Order.API.UnitTest\WishListUpdatedTest.cs" line-rate="1" branch-rate="0.43333333333333335" complexity="33">
          <methods>
            <method name="GetWishListRequest" signature="()" line-rate="1" branch-rate="1" complexity="NaN">
              <lines>
                <line number="59" hits="10" branch="false" />
                <line number="60" hits="10" branch="false" />
                <line number="61" hits="10" branch="false" />
                <line number="62" hits="10" branch="false" />
                <line number="63" hits="10" branch="false" />
                <line number="64" hits="10" branch="false" />
                <line number="65" hits="10" branch="false" />
                <line number="66" hits="10" branch="false" />
                <line number="67" hits="10" branch="false" />
                <line number="68" hits="10" branch="false" />
                <line number="69" hits="10" branch="false" />
                <line number="70" hits="10" branch="false" />
                <line number="71" hits="10" branch="false" />
              </lines>
            </method>
            <method name="Initialize" signature="()" line-rate="1" branch-rate="1" complexity="1">
              <lines>
                <line number="29" hits="5" branch="false" />
                <line number="30" hits="5" branch="false" />
                <line number="31" hits="5" branch="false" />
                <line number="32" hits="5" branch="false" />
                <line number="33" hits="5" branch="false" />
                <line number="34" hits="5" branch="false" />
              </lines>
            </method>
            <method name="Setup" signature="()" line-rate="1" branch-rate="1" complexity="1">
              <lines>
                <line number="37" hits="5" branch="false" />
                <line number="38" hits="5" branch="false" />
                <line number="39" hits="5" branch="false" />
                <line number="41" hits="5" branch="false" />
                <line number="42" hits="5" branch="false" />
                <line number="44" hits="5" branch="false" />
                <line number="45" hits="5" branch="false" />
                <line number="46" hits="5" branch="false" />
              </lines>
            </method>
            <method name=".ctor" signature="()" line-rate="1" branch-rate="1" complexity="1">
              <lines>
                <line number="54" hits="5" branch="false" />
                <line number="55" hits="5" branch="false" />
                <line number="56" hits="5" branch="false" />
                <line number="57" hits="5" branch="false" />
                <line number="59" hits="10" branch="false" />
                <line number="60" hits="10" branch="false" />
                <line number="61" hits="10" branch="false" />
                <line number="62" hits="10" branch="false" />
                <line number="63" hits="10" branch="false" />
                <line number="64" hits="10" branch="false" />
                <line number="65" hits="10" branch="false" />
                <line number="66" hits="10" branch="false" />
                <line number="67" hits="10" branch="false" />
                <line number="68" hits="10" branch="false" />
                <line number="69" hits="10" branch="false" />
                <line number="70" hits="10" branch="false" />
                <line number="71" hits="10" branch="false" />
                <line number="73" hits="5" branch="false" />
                <line number="74" hits="5" branch="false" />
                <line number="75" hits="5" branch="false" />
                <line number="76" hits="5" branch="false" />
                <line number="77" hits="5" branch="false" />
                <line number="78" hits="5" branch="false" />
              </lines>
            </method>
            <method name="Failure_Validations" signature="()" line-rate="1" branch-rate="0.5" complexity="6">
              <lines>
                <line number="87" hits="1" branch="false" />
                <line number="88" hits="1" branch="false" />
                <line number="89" hits="1" branch="false" />
                <line number="91" hits="1" branch="true" condition-coverage="50% (1/2)" />
                <line number="92" hits="2" branch="true" condition-coverage="50% (2/4)" />
                <line number="93" hits="1" branch="false" />
                <line number="94" hits="1" branch="false" />
              </lines>
            </method>
            <method name="Successfull_Validations" signature="()" line-rate="1" branch-rate="0.3333333333333333" complexity="6">
              <lines>
                <line number="98" hits="1" branch="false" />
                <line number="99" hits="1" branch="true" condition-coverage="50% (1/2)" />
                <line number="100" hits="1" branch="true" condition-coverage="25% (1/4)" />
                <line number="101" hits="1" branch="false" />
                <line number="102" hits="1" branch="false" />
              </lines>
            </method>
            <method name="Successfull_Updated" signature="()" line-rate="1" branch-rate="0.3333333333333333" complexity="6">
              <lines>
                <line number="106" hits="1" branch="false" />
                <line number="107" hits="1" branch="true" condition-coverage="50% (1/2)" />
                <line number="108" hits="1" branch="true" condition-coverage="25% (1/4)" />
                <line number="109" hits="1" branch="false" />
                <line number="110" hits="1" branch="false" />
              </lines>
            </method>
            <method name="Failure_Updated_Exception" signature="()" line-rate="1" branch-rate="0.5" complexity="6">
              <lines>
                <line number="114" hits="1" branch="false" />
                <line number="115" hits="1" branch="false" />
                <line number="116" hits="1" branch="false" />
                <line number="118" hits="1" branch="true" condition-coverage="50% (1/2)" />
                <line number="119" hits="1" branch="true" condition-coverage="50% (2/4)" />
                <line number="120" hits="1" branch="false" />
                <line number="121" hits="1" branch="false" />
              </lines>
            </method>
            <method name="Failure_Get_WithListValidation" signature="()" line-rate="1" branch-rate="0.5" complexity="6">
              <lines>
                <line number="125" hits="1" branch="false" />
                <line number="126" hits="1" branch="false" />
                <line number="127" hits="1" branch="false" />
                <line number="129" hits="1" branch="true" condition-coverage="50% (1/2)" />
                <line number="130" hits="2" branch="true" condition-coverage="50% (2/4)" />
                <line number="131" hits="1" branch="false" />
                <line number="132" hits="1" branch="false" />
              </lines>
            </method>
          </methods>
          <lines>
            <line number="29" hits="5" branch="false" />
            <line number="30" hits="5" branch="false" />
            <line number="31" hits="5" branch="false" />
            <line number="32" hits="5" branch="false" />
            <line number="33" hits="5" branch="false" />
            <line number="34" hits="5" branch="false" />
            <line number="37" hits="5" branch="false" />
            <line number="38" hits="5" branch="false" />
            <line number="39" hits="5" branch="false" />
            <line number="41" hits="5" branch="false" />
            <line number="42" hits="5" branch="false" />
            <line number="44" hits="5" branch="false" />
            <line number="45" hits="5" branch="false" />
            <line number="46" hits="5" branch="false" />
            <line number="54" hits="5" branch="false" />
            <line number="55" hits="5" branch="false" />
            <line number="56" hits="5" branch="false" />
            <line number="57" hits="5" branch="false" />
            <line number="59" hits="10" branch="false" />
            <line number="60" hits="10" branch="false" />
            <line number="61" hits="10" branch="false" />
            <line number="62" hits="10" branch="false" />
            <line number="63" hits="10" branch="false" />
            <line number="64" hits="10" branch="false" />
            <line number="65" hits="10" branch="false" />
            <line number="66" hits="10" branch="false" />
            <line number="67" hits="10" branch="false" />
            <line number="68" hits="10" branch="false" />
            <line number="69" hits="10" branch="false" />
            <line number="70" hits="10" branch="false" />
            <line number="71" hits="10" branch="false" />
            <line number="73" hits="5" branch="false" />
            <line number="74" hits="5" branch="false" />
            <line number="75" hits="5" branch="false" />
            <line number="76" hits="5" branch="false" />
            <line number="77" hits="5" branch="false" />
            <line number="78" hits="5" branch="false" />
            <line number="87" hits="1" branch="false" />
            <line number="88" hits="1" branch="false" />
            <line number="89" hits="1" branch="false" />
            <line number="91" hits="1" branch="true" condition-coverage="50% (1/2)" />
            <line number="92" hits="2" branch="true" condition-coverage="50% (2/4)" />
            <line number="93" hits="1" branch="false" />
            <line number="94" hits="1" branch="false" />
            <line number="98" hits="1" branch="false" />
            <line number="99" hits="1" branch="true" condition-coverage="50% (1/2)" />
            <line number="100" hits="1" branch="true" condition-coverage="25% (1/4)" />
            <line number="101" hits="1" branch="false" />
            <line number="102" hits="1" branch="false" />
            <line number="106" hits="1" branch="false" />
            <line number="107" hits="1" branch="true" condition-coverage="50% (1/2)" />
            <line number="108" hits="1" branch="true" condition-coverage="25% (1/4)" />
            <line number="109" hits="1" branch="false" />
            <line number="110" hits="1" branch="false" />
            <line number="114" hits="1" branch="false" />
            <line number="115" hits="1" branch="false" />
            <line number="116" hits="1" branch="false" />
            <line number="118" hits="1" branch="true" condition-coverage="50% (1/2)" />
            <line number="119" hits="1" branch="true" condition-coverage="50% (2/4)" />
            <line number="120" hits="1" branch="false" />
            <line number="121" hits="1" branch="false" />
            <line number="125" hits="1" branch="false" />
            <line number="126" hits="1" branch="false" />
            <line number="127" hits="1" branch="false" />
            <line number="129" hits="1" branch="true" condition-coverage="50% (1/2)" />
            <line number="130" hits="2" branch="true" condition-coverage="50% (2/4)" />
            <line number="131" hits="1" branch="false" />
            <line number="132" hits="1" branch="false" />
          </lines>
        </class>
      </classes>
    </package>
  </packages>
</coverage>